#
# A fatal error has been detected by the Java Runtime Environment:
#
#  SIGSEGV (0xb) at pc=0x00007f101eff9c27, pid=5973, tid=6030
#
# JRE version: OpenJDK Runtime Environment (11.0.4+11) (build 11.0.4+11-post-Ubuntu-1ubuntu218.04.3)
# Java VM: OpenJDK 64-Bit Server VM (11.0.4+11-post-Ubuntu-1ubuntu218.04.3, mixed mode, sharing, tiered, compressed oops, g1 gc, linux-amd64)
# Problematic frame:
# C  [libtesseract.so.4.0.0+0xa1c27]  tesseract::Tesseract::recog_all_words(PAGE_RES*, ETEXT_DESC*, TBOX const*, char const*, int)+0x437
#
# Core dump will be written. Default location: Core dumps may be processed with "/usr/share/apport/apport %p %s %c %d %P" (or dumping to /home/rakhi/Spring-boot-projects/data-extraction/core.5973)
#
# If you would like to submit a bug report, please visit:
#   https://bugs.launchpad.net/ubuntu/+source/openjdk-lts
# The crash happened outside the Java Virtual Machine in native code.
# See problematic frame for where to report the bug.
#

---------------  S U M M A R Y ------------

Command Line: -javaagent:/snap/intellij-idea-community/185/lib/idea_rt.jar=41149:/snap/intellij-idea-community/185/bin -Dfile.encoding=UTF-8 com.innovect.dataextraction.DataExtractionApplication

Host: Intel(R) Core(TM) i5-7200U CPU @ 2.50GHz, 4 cores, 7G, Ubuntu 18.04.3 LTS
Time: Tue Nov 19 12:40:15 2019 IST elapsed time: 13 seconds (0d 0h 0m 13s)

---------------  T H R E A D  ---------------

Current thread (0x00007f104880f000):  JavaThread "http-nio-8080-exec-1" daemon [_thread_in_native, id=6030, stack(0x00007f1070d92000,0x00007f1070e93000)]

Stack: [0x00007f1070d92000,0x00007f1070e93000],  sp=0x00007f1070e8e360,  free space=1008k
Native frames: (J=compiled Java code, A=aot compiled Java code, j=interpreted, Vv=VM code, C=native code)
C  [libtesseract.so.4.0.0+0xa1c27]  tesseract::Tesseract::recog_all_words(PAGE_RES*, ETEXT_DESC*, TBOX const*, char const*, int)+0x437

Java frames: (J=compiled Java code, j=interpreted, Vv=VM code)
j  com.sun.jna.Native.invokePointer(Lcom/sun/jna/Function;JI[Ljava/lang/Object;)J+0
j  com.sun.jna.Function.invokePointer(I[Ljava/lang/Object;)Lcom/sun/jna/Pointer;+7
j  com.sun.jna.Function.invoke([Ljava/lang/Object;Ljava/lang/Class;ZI)Ljava/lang/Object;+385
j  com.sun.jna.Function.invoke(Ljava/lang/reflect/Method;[Ljava/lang/Class;Ljava/lang/Class;[Ljava/lang/Object;Ljava/util/Map;)Ljava/lang/Object;+271
j  com.sun.jna.Library$Handler.invoke(Ljava/lang/Object;Ljava/lang/reflect/Method;[Ljava/lang/Object;)Ljava/lang/Object;+344
j  com.sun.proxy.$Proxy67.TessBaseAPIGetUTF8Text(Lnet/sourceforge/tess4j/ITessAPI$TessBaseAPI;)Lcom/sun/jna/Pointer;+16
j  net.sourceforge.tess4j.Tesseract.getOCRText(Ljava/lang/String;I)Ljava/lang/String;+269
j  net.sourceforge.tess4j.Tesseract.doOCR(Ljavax/imageio/IIOImage;Ljava/lang/String;Ljava/awt/Rectangle;I)Ljava/lang/String;+18
j  net.sourceforge.tess4j.Tesseract.doOCR(Ljava/io/File;Ljava/awt/Rectangle;)Ljava/lang/String;+126
j  net.sourceforge.tess4j.Tesseract.doOCR(Ljava/io/File;)Ljava/lang/String;+3
j  com.innovect.dataextraction.service.ImageEntry.crackImage()Ljava/lang/String;+36
j  com.innovect.dataextraction.service.ImageExtractionService.getString()Ljava/lang/String;+4
j  com.innovect.dataextraction.controller.ImageExtractionController.getString()Ljava/lang/String;+4
v  ~StubRoutines::call_stub
J 2524  jdk.internal.reflect.NativeMethodAccessorImpl.invoke0(Ljava/lang/reflect/Method;Ljava/lang/Object;[Ljava/lang/Object;)Ljava/lang/Object; java.base@11.0.4 (0 bytes) @ 0x00007f10ac4f0747 [0x00007f10ac4f06c0+0x0000000000000087]
J 2523 c1 jdk.internal.reflect.NativeMethodAccessorImpl.invoke(Ljava/lang/Object;[Ljava/lang/Object;)Ljava/lang/Object; java.base@11.0.4 (104 bytes) @ 0x00007f10a53a6e5c [0x00007f10a53a61c0+0x0000000000000c9c]
J 2067 c1 jdk.internal.reflect.DelegatingMethodAccessorImpl.invoke(Ljava/lang/Object;[Ljava/lang/Object;)Ljava/lang/Object; java.base@11.0.4 (10 bytes) @ 0x00007f10a52c7f44 [0x00007f10a52c7ec0+0x0000000000000084]
J 2089 c1 java.lang.reflect.Method.invoke(Ljava/lang/Object;[Ljava/lang/Object;)Ljava/lang/Object; java.base@11.0.4 (65 bytes) @ 0x00007f10a52cf044 [0x00007f10a52cef00+0x0000000000000144]
j  org.springframework.web.method.support.InvocableHandlerMethod.doInvoke([Ljava/lang/Object;)Ljava/lang/Object;+16
j  org.springframework.web.method.support.InvocableHandlerMethod.invokeForRequest(Lorg/springframework/web/context/request/NativeWebRequest;Lorg/springframework/web/method/support/ModelAndViewContainer;[Ljava/lang/Object;)Ljava/lang/Object;+56
j  org.springframework.web.servlet.mvc.method.annotation.ServletInvocableHandlerMethod.invokeAndHandle(Lorg/springframework/web/context/request/ServletWebRequest;Lorg/springframework/web/method/support/ModelAndViewContainer;[Ljava/lang/Object;)V+4
j  org.springframework.web.servlet.mvc.method.annotation.RequestMappingHandlerAdapter.invokeHandlerMethod(Ljavax/servlet/http/HttpServletRequest;Ljavax/servlet/http/HttpServletResponse;Lorg/springframework/web/method/HandlerMethod;)Lorg/springframework/web/servlet/ModelAndView;+244
j  org.springframework.web.servlet.mvc.method.annotation.RequestMappingHandlerAdapter.handleInternal(Ljavax/servlet/http/HttpServletRequest;Ljavax/servlet/http/HttpServletResponse;Lorg/springframework/web/method/HandlerMethod;)Lorg/springframework/web/servlet/ModelAndView;+81
j  org.springframework.web.servlet.mvc.method.AbstractHandlerMethodAdapter.handle(Ljavax/servlet/http/HttpServletRequest;Ljavax/servlet/http/HttpServletResponse;Ljava/lang/Object;)Lorg/springframework/web/servlet/ModelAndView;+7
j  org.springframework.web.servlet.DispatcherServlet.doDispatch(Ljavax/servlet/http/HttpServletRequest;Ljavax/servlet/http/HttpServletResponse;)V+257
j  org.springframework.web.servlet.DispatcherServlet.doService(Ljavax/servlet/http/HttpServletRequest;Ljavax/servlet/http/HttpServletResponse;)V+212
j  org.springframework.web.servlet.FrameworkServlet.processRequest(Ljavax/servlet/http/HttpServletRequest;Ljavax/servlet/http/HttpServletResponse;)V+71
j  org.springframework.web.servlet.FrameworkServlet.doGet(Ljavax/servlet/http/HttpServletRequest;Ljavax/servlet/http/HttpServletResponse;)V+3
j  javax.servlet.http.HttpServlet.service(Ljavax/servlet/http/HttpServletRequest;Ljavax/servlet/http/HttpServletResponse;)V+35
j  org.springframework.web.servlet.FrameworkServlet.service(Ljavax/servlet/http/HttpServletRequest;Ljavax/servlet/http/HttpServletResponse;)V+33
j  javax.servlet.http.HttpServlet.service(Ljavax/servlet/ServletRequest;Ljavax/servlet/ServletResponse;)V+36
j  org.apache.catalina.core.ApplicationFilterChain.internalDoFilter(Ljavax/servlet/ServletRequest;Ljavax/servlet/ServletResponse;)V+304
j  org.apache.catalina.core.ApplicationFilterChain.doFilter(Ljavax/servlet/ServletRequest;Ljavax/servlet/ServletResponse;)V+101
j  org.apache.tomcat.websocket.server.WsFilter.doFilter(Ljavax/servlet/ServletRequest;Ljavax/servlet/ServletResponse;Ljavax/servlet/FilterChain;)V+21
j  org.apache.catalina.core.ApplicationFilterChain.internalDoFilter(Ljavax/servlet/ServletRequest;Ljavax/servlet/ServletResponse;)V+135
j  org.apache.catalina.core.ApplicationFilterChain.doFilter(Ljavax/servlet/ServletRequest;Ljavax/servlet/ServletResponse;)V+101
j  org.springframework.web.filter.RequestContextFilter.doFilterInternal(Ljavax/servlet/http/HttpServletRequest;Ljavax/servlet/http/HttpServletResponse;Ljavax/servlet/FilterChain;)V+21
j  org.springframework.web.filter.OncePerRequestFilter.doFilter(Ljavax/servlet/ServletRequest;Ljavax/servlet/ServletResponse;Ljavax/servlet/FilterChain;)V+147
j  org.apache.catalina.core.ApplicationFilterChain.internalDoFilter(Ljavax/servlet/ServletRequest;Ljavax/servlet/ServletResponse;)V+135
j  org.apache.catalina.core.ApplicationFilterChain.doFilter(Ljavax/servlet/ServletRequest;Ljavax/servlet/ServletResponse;)V+101
j  org.springframework.web.filter.FormContentFilter.doFilterInternal(Ljavax/servlet/http/HttpServletRequest;Ljavax/servlet/http/HttpServletResponse;Ljavax/servlet/FilterChain;)V+38
j  org.springframework.web.filter.OncePerRequestFilter.doFilter(Ljavax/servlet/ServletRequest;Ljavax/servlet/ServletResponse;Ljavax/servlet/FilterChain;)V+147
j  org.apache.catalina.core.ApplicationFilterChain.internalDoFilter(Ljavax/servlet/ServletRequest;Ljavax/servlet/ServletResponse;)V+135
j  org.apache.catalina.core.ApplicationFilterChain.doFilter(Ljavax/servlet/ServletRequest;Ljavax/servlet/ServletResponse;)V+101
j  org.springframework.web.filter.CharacterEncodingFilter.doFilterInternal(Ljavax/servlet/http/HttpServletRequest;Ljavax/servlet/http/HttpServletResponse;Ljavax/servlet/FilterChain;)V+53
j  org.springframework.web.filter.OncePerRequestFilter.doFilter(Ljavax/servlet/ServletRequest;Ljavax/servlet/ServletResponse;Ljavax/servlet/FilterChain;)V+147
j  org.apache.catalina.core.ApplicationFilterChain.internalDoFilter(Ljavax/servlet/ServletRequest;Ljavax/servlet/ServletResponse;)V+135
j  org.apache.catalina.core.ApplicationFilterChain.doFilter(Ljavax/servlet/ServletRequest;Ljavax/servlet/ServletResponse;)V+101
j  org.apache.catalina.core.StandardWrapperValve.invoke(Lorg/apache/catalina/connector/Request;Lorg/apache/catalina/connector/Response;)V+694
j  org.apache.catalina.core.StandardContextValve.invoke(Lorg/apache/catalina/connector/Request;Lorg/apache/catalina/connector/Response;)V+166
j  org.apache.catalina.authenticator.AuthenticatorBase.invoke(Lorg/apache/catalina/connector/Request;Lorg/apache/catalina/connector/Response;)V+260
j  org.apache.catalina.core.StandardHostValve.invoke(Lorg/apache/catalina/connector/Request;Lorg/apache/catalina/connector/Response;)V+114
j  org.apache.catalina.valves.ErrorReportValve.invoke(Lorg/apache/catalina/connector/Request;Lorg/apache/catalina/connector/Response;)V+6
j  org.apache.catalina.core.StandardEngineValve.invoke(Lorg/apache/catalina/connector/Request;Lorg/apache/catalina/connector/Response;)V+45
j  org.apache.catalina.connector.CoyoteAdapter.service(Lorg/apache/coyote/Request;Lorg/apache/coyote/Response;)V+199
j  org.apache.coyote.http11.Http11Processor.service(Lorg/apache/tomcat/util/net/SocketWrapperBase;)Lorg/apache/tomcat/util/net/AbstractEndpoint$Handler$SocketState;+784
j  org.apache.coyote.AbstractProcessorLight.process(Lorg/apache/tomcat/util/net/SocketWrapperBase;Lorg/apache/tomcat/util/net/SocketEvent;)Lorg/apache/tomcat/util/net/AbstractEndpoint$Handler$SocketState;+113
j  org.apache.coyote.AbstractProtocol$ConnectionHandler.process(Lorg/apache/tomcat/util/net/SocketWrapperBase;Lorg/apache/tomcat/util/net/SocketEvent;)Lorg/apache/tomcat/util/net/AbstractEndpoint$Handler$SocketState;+442
j  org.apache.tomcat.util.net.NioEndpoint$SocketProcessor.doRun()V+221
j  org.apache.tomcat.util.net.SocketProcessorBase.run()V+21
j  java.util.concurrent.ThreadPoolExecutor.runWorker(Ljava/util/concurrent/ThreadPoolExecutor$Worker;)V+92 java.base@11.0.4
j  java.util.concurrent.ThreadPoolExecutor$Worker.run()V+5 java.base@11.0.4
j  org.apache.tomcat.util.threads.TaskThread$WrappingRunnable.run()V+4
j  java.lang.Thread.run()V+11 java.base@11.0.4
v  ~StubRoutines::call_stub

siginfo: si_signo: 11 (SIGSEGV), si_code: 1 (SEGV_MAPERR), si_addr: 0x000000000000000c

Register to memory mapping:

RAX=0x0 is NULL
RBX=0x00007f10203db6b0 points into unknown readable memory: 88 5b 46 1f 10 7f 00 00
RCX=0x0 is NULL
RDX=0x00007f10203fd2a8 points into unknown readable memory: 00 00 00 00 00 00 00 00
RSP=0x00007f1070e8e360 is pointing into the stack for thread: 0x00007f104880f000
RBP=0x00007f1070e8e3b0 is pointing into the stack for thread: 0x00007f104880f000
RSI=0x0 is NULL
RDI=0x00007f1070e8e470 is pointing into the stack for thread: 0x00007f104880f000
R8 =0x0 is NULL
R9 =0x0 is NULL
R10=0x00007f10200008d0 points into unknown readable memory: 00 00 00 00 00 00 00 01
R11=0x0 is NULL
R12=0x00007f1020463280 points into unknown readable memory: 00 00 00 00 00 00 00 00
R13=0x0 is NULL
R14=0x0 is NULL
R15=0x00007f1020463280 points into unknown readable memory: 00 00 00 00 00 00 00 00


Registers:
RAX=0x0000000000000000, RBX=0x00007f10203db6b0, RCX=0x0000000000000000, RDX=0x00007f10203fd2a8
RSP=0x00007f1070e8e360, RBP=0x00007f1070e8e3b0, RSI=0x0000000000000000, RDI=0x00007f1070e8e470
R8 =0x0000000000000000, R9 =0x0000000000000000, R10=0x00007f10200008d0, R11=0x0000000000000000
R12=0x00007f1020463280, R13=0x0000000000000000, R14=0x0000000000000000, R15=0x00007f1020463280
RIP=0x00007f101eff9c27, EFLAGS=0x0000000000010246, CSGSFS=0x002b000000000033, ERR=0x0000000000000004
  TRAPNO=0x000000000000000e

Top of Stack: (sp=0x00007f1070e8e360)
0x00007f1070e8e360:   0000000000000000 0000000000000000
0x00007f1070e8e370:   0000000000000000 00007f102044a3e0
0x00007f1070e8e380:   00007f10204663e0 00007f1020465a30
0x00007f1070e8e390:   0000000000000001 00007f1070e8e3c0 

Instructions: (pc=0x00007f101eff9c27)
0x00007f101eff9b27:   89 e6 48 89 df e8 af 87 ff ff 4c 89 e6 48 89 df
0x00007f101eff9b37:   e8 b4 8b ff ff 4c 89 e6 48 89 df e8 f9 72 ff ff
0x00007f101eff9b47:   4c 89 e6 48 89 df e8 7e 74 ff ff e9 a9 fd ff ff
0x00007f101eff9b57:   66 0f 1f 84 00 00 00 00 00 48 8b 40 10 7e 2a 8b
0x00007f101eff9b67:   38 85 ff 75 4c 48 83 c0 04 83 ea 01 48 8d 14 90
0x00007f101eff9b77:   eb 12 0f 1f 80 00 00 00 00 48 83 c0 04 8b 70 fc
0x00007f101eff9b87:   85 f6 75 2d 48 39 c2 75 f0 48 85 c9 74 1b 8b 41
0x00007f101eff9b97:   10 8d 50 ff 83 fa 02 76 10 83 e8 05 83 f8 03 77
0x00007f101eff9ba7:   10 0f 1f 84 00 00 00 00 00 48 89 ef e8 e8 2d 19
0x00007f101eff9bb7:   00 31 d2 31 f6 48 89 ef e8 2c f6 18 00 48 8b 44
0x00007f101eff9bc7:   24 70 48 85 c0 0f 84 8e fd ff ff 48 8b 94 24 80
0x00007f101eff9bd7:   00 00 00 31 c9 48 8b 52 08 48 85 d2 74 04 48 8b
0x00007f101eff9be7:   4a 08 48 8b 80 e8 00 00 00 48 85 c0 74 bb 8b 50
0x00007f101eff9bf7:   34 83 fa 00 74 b3 e9 5e ff ff ff 66 0f 1f 44 00
0x00007f101eff9c07:   00 31 f6 48 89 ef e8 ce f9 18 00 8b 83 a0 15 00
0x00007f101eff9c17:   00 85 c0 0f 8f c0 00 00 00 48 8b 83 40 0a 00 00
0x00007f101eff9c27:   80 78 0c 00 0f 85 a7 02 00 00 8b 83 58 47 02 00
0x00007f101eff9c37:   85 c0 0f 8e b1 00 00 00 31 d2 45 31 ff eb 2c 66
0x00007f101eff9c47:   2e 0f 1f 84 00 00 00 00 00 48 8b 8f 40 0a 00 00
0x00007f101eff9c57:   80 79 0c 00 0f 85 ff 01 00 00 41 83 c7 01 48 83
0x00007f101eff9c67:   c2 08 44 3b bb 58 47 02 00 7d 7e 48 8b 8b 60 47
0x00007f101eff9c77:   02 00 48 8b 3c 11 8b 87 a0 15 00 00 85 c0 7e c9
0x00007f101eff9c87:   48 89 54 24 10 e8 8f 46 0f 00 48 8b 54 24 10 eb
0x00007f101eff9c97:   c9 0f 1f 84 00 00 00 00 00 80 bb 72 30 02 00 00
0x00007f101eff9ca7:   0f 85 73 fc ff ff 8b b3 04 1d 02 00 4c 89 e2 4c
0x00007f101eff9cb7:   89 ff e8 32 d4 0b 00 31 f6 48 89 ef e8 18 f9 18
0x00007f101eff9cc7:   00 48 8b 44 24 70 48 85 c0 0f 85 fc fe ff ff e9
0x00007f101eff9cd7:   94 fc ff ff 0f 1f 44 00 00 48 89 df e8 38 46 0f
0x00007f101eff9ce7:   00 e9 44 ff ff ff 0f 1f 00 4c 8d 7c 24 30 be 04
0x00007f101eff9cf7:   00 00 00 48 c7 44 24 30 00 00 00 00 48 c7 44 24
0x00007f101eff9d07:   38 00 00 00 00 48 c7 44 24 40 00 00 00 00 4c 89
0x00007f101eff9d17:   ff 48 c7 44 24 48 00 00 00 00 e8 3a 19 00 00 48 


Stack slot to memory mapping:
stack at sp + 0 slots: 0x0 is NULL
stack at sp + 1 slots: 0x0 is NULL
stack at sp + 2 slots: 0x0 is NULL
stack at sp + 3 slots: 0x00007f102044a3e0 points into unknown readable memory: e0 12 46 20 10 7f 00 00
stack at sp + 4 slots: 0x00007f10204663e0 points into unknown readable memory: 90 13 46 20 10 7f 00 00
stack at sp + 5 slots: 0x00007f1020465a30 points into unknown readable memory: 30 5a 46 20 10 7f 00 00
stack at sp + 6 slots: 0x0000000000000001 is an unknown value
stack at sp + 7 slots: 0x00007f1070e8e3c0 is pointing into the stack for thread: 0x00007f104880f000


---------------  P R O C E S S  ---------------

Threads class SMR info:
_java_thread_list=0x00007f10201c2eb0, length=31, elements={
0x00007f10bc16f800, 0x00007f10bc171800, 0x00007f10bc177000, 0x00007f10bc179000,
0x00007f10bc17b000, 0x00007f10bc17d000, 0x00007f10bc18a800, 0x00007f10bc460800,
0x00007f10bc466000, 0x00007f1074001000, 0x00007f104876d800, 0x00007f104c2b6800,
0x00007f104876e800, 0x00007f10487fa000, 0x00007f10487ff800, 0x00007f104880c800,
0x00007f104880f000, 0x00007f1048810800, 0x00007f1048812000, 0x00007f1048814000,
0x00007f1048816000, 0x00007f1048818000, 0x00007f104881a000, 0x00007f104881c000,
0x00007f104881e000, 0x00007f1048820000, 0x00007f1048822000, 0x00007f1048828800,
0x00007f10bc014800, 0x00007f1020199000, 0x00007f10201c2000
}

Java Threads: ( => current thread )
  0x00007f10bc16f800 JavaThread "Reference Handler" daemon [_thread_blocked, id=5993, stack(0x00007f1098763000,0x00007f1098864000)]
  0x00007f10bc171800 JavaThread "Finalizer" daemon [_thread_blocked, id=5994, stack(0x00007f1098662000,0x00007f1098763000)]
  0x00007f10bc177000 JavaThread "Signal Dispatcher" daemon [_thread_blocked, id=5995, stack(0x00007f1098283000,0x00007f1098384000)]
  0x00007f10bc179000 JavaThread "C2 CompilerThread0" daemon [_thread_blocked, id=5996, stack(0x00007f1098182000,0x00007f1098283000)]
  0x00007f10bc17b000 JavaThread "C1 CompilerThread0" daemon [_thread_blocked, id=5997, stack(0x00007f1098081000,0x00007f1098182000)]
  0x00007f10bc17d000 JavaThread "Sweeper thread" daemon [_thread_blocked, id=6000, stack(0x00007f1073eff000,0x00007f1074000000)]
  0x00007f10bc18a800 JavaThread "Common-Cleaner" daemon [_thread_blocked, id=6002, stack(0x00007f1073dfe000,0x00007f1073eff000)]
  0x00007f10bc460800 JavaThread "Monitor Ctrl-Break" daemon [_thread_in_native, id=6003, stack(0x00007f10738d5000,0x00007f10739d6000)]
  0x00007f10bc466000 JavaThread "Service Thread" daemon [_thread_blocked, id=6004, stack(0x00007f10737d4000,0x00007f10738d5000)]
  0x00007f1074001000 JavaThread "Attach Listener" daemon [_thread_blocked, id=6018, stack(0x00007f1072598000,0x00007f1072699000)]
  0x00007f104876d800 JavaThread "Catalina-utility-1" [_thread_blocked, id=6023, stack(0x00007f1072cbf000,0x00007f1072dc0000)]
  0x00007f104c2b6800 JavaThread "Catalina-utility-2" [_thread_blocked, id=6024, stack(0x00007f1071497000,0x00007f1071598000)]
  0x00007f104876e800 JavaThread "container-0" [_thread_blocked, id=6025, stack(0x00007f1071396000,0x00007f1071497000)]
  0x00007f10487fa000 JavaThread "File Watcher" daemon [_thread_blocked, id=6026, stack(0x00007f1071095000,0x00007f1071196000)]
  0x00007f10487ff800 JavaThread "Live Reload Server" daemon [_thread_in_native, id=6028, stack(0x00007f1070e93000,0x00007f1070f94000)]
  0x00007f104880c800 JavaThread "http-nio-8080-BlockPoller" daemon [_thread_in_native, id=6029, stack(0x00007f1070f94000,0x00007f1071095000)]
=>0x00007f104880f000 JavaThread "http-nio-8080-exec-1" daemon [_thread_in_native, id=6030, stack(0x00007f1070d92000,0x00007f1070e93000)]
  0x00007f1048810800 JavaThread "http-nio-8080-exec-2" daemon [_thread_blocked, id=6031, stack(0x00007f1070c91000,0x00007f1070d92000)]
  0x00007f1048812000 JavaThread "http-nio-8080-exec-3" daemon [_thread_blocked, id=6032, stack(0x00007f1070b90000,0x00007f1070c91000)]
  0x00007f1048814000 JavaThread "http-nio-8080-exec-4" daemon [_thread_blocked, id=6033, stack(0x00007f1070a8f000,0x00007f1070b90000)]
  0x00007f1048816000 JavaThread "http-nio-8080-exec-5" daemon [_thread_blocked, id=6034, stack(0x00007f107098e000,0x00007f1070a8f000)]
  0x00007f1048818000 JavaThread "http-nio-8080-exec-6" daemon [_thread_blocked, id=6035, stack(0x00007f107088d000,0x00007f107098e000)]
  0x00007f104881a000 JavaThread "http-nio-8080-exec-7" daemon [_thread_blocked, id=6036, stack(0x00007f107078c000,0x00007f107088d000)]
  0x00007f104881c000 JavaThread "http-nio-8080-exec-8" daemon [_thread_blocked, id=6037, stack(0x00007f107068b000,0x00007f107078c000)]
  0x00007f104881e000 JavaThread "http-nio-8080-exec-9" daemon [_thread_blocked, id=6038, stack(0x00007f107058a000,0x00007f107068b000)]
  0x00007f1048820000 JavaThread "http-nio-8080-exec-10" daemon [_thread_blocked, id=6039, stack(0x00007f1070489000,0x00007f107058a000)]
  0x00007f1048822000 JavaThread "http-nio-8080-ClientPoller" daemon [_thread_in_native, id=6040, stack(0x00007f1070388000,0x00007f1070489000)]
  0x00007f1048828800 JavaThread "http-nio-8080-Acceptor" daemon [_thread_in_native, id=6041, stack(0x00007f1070287000,0x00007f1070388000)]
  0x00007f10bc014800 JavaThread "DestroyJavaVM" [_thread_blocked, id=5977, stack(0x00007f10c3f64000,0x00007f10c4065000)]
  0x00007f1020199000 JavaThread "Java2D Disposer" daemon [_thread_blocked, id=6062, stack(0x00007f1072ec1000,0x00007f1072fc2000)]
  0x00007f10201c2000 JavaThread "process reaper" daemon [_thread_blocked, id=6064, stack(0x00007f10c3ea6000,0x00007f10c3ec8000)]

Other Threads:
  0x00007f10bc16c800 VMThread "VM Thread" [stack: 0x00007f1098866000,0x00007f1098966000] [id=5991]
  0x00007f10bc464000 WatcherThread [stack: 0x00007f10736d4000,0x00007f10737d4000] [id=6005]
  0x00007f10bc02a800 GCTaskThread "GC Thread#0" [stack: 0x00007f10a4680000,0x00007f10a4780000] [id=5980]
  0x00007f1088001000 GCTaskThread "GC Thread#1" [stack: 0x00007f10733cf000,0x00007f10734cf000] [id=6008]
  0x00007f1088003800 GCTaskThread "GC Thread#2" [stack: 0x00007f1072bbf000,0x00007f1072cbf000] [id=6013]
  0x00007f1088005000 GCTaskThread "GC Thread#3" [stack: 0x00007f1072abd000,0x00007f1072bbd000] [id=6014]
  0x00007f10bc05b000 ConcurrentGCThread "G1 Main Marker" [stack: 0x00007f10a417a000,0x00007f10a427a000] [id=5981]
  0x00007f10bc05d000 ConcurrentGCThread "G1 Conc#0" [stack: 0x00007f10a4078000,0x00007f10a4178000] [id=5982]
  0x00007f10bc0d3000 ConcurrentGCThread "G1 Refine#0" [stack: 0x00007f10992eb000,0x00007f10993eb000] [id=5985]
  0x00007f10bc0d5000 ConcurrentGCThread "G1 Young RemSet Sampling" [stack: 0x00007f10991e9000,0x00007f10992e9000] [id=5986]

Threads with active compile tasks:

VM state:not at safepoint (normal execution)

VM Mutex/Monitor currently owned by a thread: None

Heap address: 0x0000000086a00000, size: 1942 MB, Compressed Oops mode: 32-bit
Narrow klass base: 0x0000000800000000, Narrow klass shift: 3
Compressed class space size: 1073741824 Address: 0x0000000840000000

Heap:
 garbage-first heap   total 185344K, used 16514K [0x0000000086a00000, 0x0000000100000000)
  region size 1024K, 13 young (13312K), 9 survivors (9216K)
 Metaspace       used 32477K, capacity 33568K, committed 33840K, reserved 1079296K
  class space    used 4041K, capacity 4470K, committed 4480K, reserved 1048576K
Heap Regions: E=young(eden), S=young(survivor), O=old, HS=humongous(starts), HC=humongous(continues), CS=collection set, F=free, A=archive, TAMS=top-at-mark-start (previous, next)
|   0|0x0000000086a00000, 0x0000000086b00000, 0x0000000086b00000|100%| O|  |TAMS 0x0000000086b00000, 0x0000000086a00000| Untracked 
|   1|0x0000000086b00000, 0x0000000086c00000, 0x0000000086c00000|100%| O|  |TAMS 0x0000000086c00000, 0x0000000086b00000| Untracked 
|   2|0x0000000086c00000, 0x0000000086d00000, 0x0000000086d00000|100%| O|  |TAMS 0x0000000086d00000, 0x0000000086c00000| Untracked 
|   3|0x0000000086d00000, 0x0000000086de4000, 0x0000000086e00000| 89%| O|  |TAMS 0x0000000086de4000, 0x0000000086d00000| Untracked 
|   4|0x0000000086e00000, 0x0000000086e00000, 0x0000000086f00000|  0%| F|  |TAMS 0x0000000086e00000, 0x0000000086e00000| Untracked 
|   5|0x0000000086f00000, 0x0000000086f00000, 0x0000000087000000|  0%| F|  |TAMS 0x0000000086f00000, 0x0000000086f00000| Untracked 
|   6|0x0000000087000000, 0x0000000087000000, 0x0000000087100000|  0%| F|  |TAMS 0x0000000087000000, 0x0000000087000000| Untracked 
|   7|0x0000000087100000, 0x0000000087100000, 0x0000000087200000|  0%| F|  |TAMS 0x0000000087100000, 0x0000000087100000| Untracked 
|   8|0x0000000087200000, 0x0000000087200000, 0x0000000087300000|  0%| F|  |TAMS 0x0000000087200000, 0x0000000087200000| Untracked 
|   9|0x0000000087300000, 0x0000000087300000, 0x0000000087400000|  0%| F|  |TAMS 0x0000000087300000, 0x0000000087300000| Untracked 
|  10|0x0000000087400000, 0x0000000087400000, 0x0000000087500000|  0%| F|  |TAMS 0x0000000087400000, 0x0000000087400000| Untracked 
|  11|0x0000000087500000, 0x0000000087500000, 0x0000000087600000|  0%| F|  |TAMS 0x0000000087500000, 0x0000000087500000| Untracked 
|  12|0x0000000087600000, 0x0000000087600000, 0x0000000087700000|  0%| F|  |TAMS 0x0000000087600000, 0x0000000087600000| Untracked 
|  13|0x0000000087700000, 0x0000000087700000, 0x0000000087800000|  0%| F|  |TAMS 0x0000000087700000, 0x0000000087700000| Untracked 
|  14|0x0000000087800000, 0x0000000087800000, 0x0000000087900000|  0%| F|  |TAMS 0x0000000087800000, 0x0000000087800000| Untracked 
|  15|0x0000000087900000, 0x0000000087900000, 0x0000000087a00000|  0%| F|  |TAMS 0x0000000087900000, 0x0000000087900000| Untracked 
|  16|0x0000000087a00000, 0x0000000087a00000, 0x0000000087b00000|  0%| F|  |TAMS 0x0000000087a00000, 0x0000000087a00000| Untracked 
|  17|0x0000000087b00000, 0x0000000087b00000, 0x0000000087c00000|  0%| F|  |TAMS 0x0000000087b00000, 0x0000000087b00000| Untracked 
|  18|0x0000000087c00000, 0x0000000087c00000, 0x0000000087d00000|  0%| F|  |TAMS 0x0000000087c00000, 0x0000000087c00000| Untracked 
|  19|0x0000000087d00000, 0x0000000087d00000, 0x0000000087e00000|  0%| F|  |TAMS 0x0000000087d00000, 0x0000000087d00000| Untracked 
|  20|0x0000000087e00000, 0x0000000087e00000, 0x0000000087f00000|  0%| F|  |TAMS 0x0000000087e00000, 0x0000000087e00000| Untracked 
|  21|0x0000000087f00000, 0x0000000087f00000, 0x0000000088000000|  0%| F|  |TAMS 0x0000000087f00000, 0x0000000087f00000| Untracked 
|  22|0x0000000088000000, 0x0000000088000000, 0x0000000088100000|  0%| F|  |TAMS 0x0000000088000000, 0x0000000088000000| Untracked 
|  23|0x0000000088100000, 0x0000000088100000, 0x0000000088200000|  0%| F|  |TAMS 0x0000000088100000, 0x0000000088100000| Untracked 
|  24|0x0000000088200000, 0x0000000088200000, 0x0000000088300000|  0%| F|  |TAMS 0x0000000088200000, 0x0000000088200000| Untracked 
|  25|0x0000000088300000, 0x0000000088300000, 0x0000000088400000|  0%| F|  |TAMS 0x0000000088300000, 0x0000000088300000| Untracked 
|  26|0x0000000088400000, 0x0000000088400000, 0x0000000088500000|  0%| F|  |TAMS 0x0000000088400000, 0x0000000088400000| Untracked 
|  27|0x0000000088500000, 0x0000000088500000, 0x0000000088600000|  0%| F|  |TAMS 0x0000000088500000, 0x0000000088500000| Untracked 
|  28|0x0000000088600000, 0x0000000088600000, 0x0000000088700000|  0%| F|  |TAMS 0x0000000088600000, 0x0000000088600000| Untracked 
|  29|0x0000000088700000, 0x0000000088700000, 0x0000000088800000|  0%| F|  |TAMS 0x0000000088700000, 0x0000000088700000| Untracked 
|  30|0x0000000088800000, 0x0000000088800000, 0x0000000088900000|  0%| F|  |TAMS 0x0000000088800000, 0x0000000088800000| Untracked 
|  31|0x0000000088900000, 0x0000000088900000, 0x0000000088a00000|  0%| F|  |TAMS 0x0000000088900000, 0x0000000088900000| Untracked 
|  32|0x0000000088a00000, 0x0000000088a00000, 0x0000000088b00000|  0%| F|  |TAMS 0x0000000088a00000, 0x0000000088a00000| Untracked 
|  33|0x0000000088b00000, 0x0000000088b00000, 0x0000000088c00000|  0%| F|  |TAMS 0x0000000088b00000, 0x0000000088b00000| Untracked 
|  34|0x0000000088c00000, 0x0000000088c00000, 0x0000000088d00000|  0%| F|  |TAMS 0x0000000088c00000, 0x0000000088c00000| Untracked 
|  35|0x0000000088d00000, 0x0000000088d00000, 0x0000000088e00000|  0%| F|  |TAMS 0x0000000088d00000, 0x0000000088d00000| Untracked 
|  36|0x0000000088e00000, 0x0000000088e00000, 0x0000000088f00000|  0%| F|  |TAMS 0x0000000088e00000, 0x0000000088e00000| Untracked 
|  37|0x0000000088f00000, 0x0000000088f00000, 0x0000000089000000|  0%| F|  |TAMS 0x0000000088f00000, 0x0000000088f00000| Untracked 
|  38|0x0000000089000000, 0x0000000089000000, 0x0000000089100000|  0%| F|  |TAMS 0x0000000089000000, 0x0000000089000000| Untracked 
|  39|0x0000000089100000, 0x0000000089100000, 0x0000000089200000|  0%| F|  |TAMS 0x0000000089100000, 0x0000000089100000| Untracked 
|  40|0x0000000089200000, 0x0000000089200000, 0x0000000089300000|  0%| F|  |TAMS 0x0000000089200000, 0x0000000089200000| Untracked 
|  41|0x0000000089300000, 0x0000000089300000, 0x0000000089400000|  0%| F|  |TAMS 0x0000000089300000, 0x0000000089300000| Untracked 
|  42|0x0000000089400000, 0x0000000089400000, 0x0000000089500000|  0%| F|  |TAMS 0x0000000089400000, 0x0000000089400000| Untracked 
|  43|0x0000000089500000, 0x0000000089500000, 0x0000000089600000|  0%| F|  |TAMS 0x0000000089500000, 0x0000000089500000| Untracked 
|  44|0x0000000089600000, 0x0000000089600000, 0x0000000089700000|  0%| F|  |TAMS 0x0000000089600000, 0x0000000089600000| Untracked 
|  45|0x0000000089700000, 0x0000000089700000, 0x0000000089800000|  0%| F|  |TAMS 0x0000000089700000, 0x0000000089700000| Untracked 
|  46|0x0000000089800000, 0x0000000089800000, 0x0000000089900000|  0%| F|  |TAMS 0x0000000089800000, 0x0000000089800000| Untracked 
|  47|0x0000000089900000, 0x0000000089900000, 0x0000000089a00000|  0%| F|  |TAMS 0x0000000089900000, 0x0000000089900000| Untracked 
|  48|0x0000000089a00000, 0x0000000089a00000, 0x0000000089b00000|  0%| F|  |TAMS 0x0000000089a00000, 0x0000000089a00000| Untracked 
|  49|0x0000000089b00000, 0x0000000089b00000, 0x0000000089c00000|  0%| F|  |TAMS 0x0000000089b00000, 0x0000000089b00000| Untracked 
|  50|0x0000000089c00000, 0x0000000089c00000, 0x0000000089d00000|  0%| F|  |TAMS 0x0000000089c00000, 0x0000000089c00000| Untracked 
|  51|0x0000000089d00000, 0x0000000089d00000, 0x0000000089e00000|  0%| F|  |TAMS 0x0000000089d00000, 0x0000000089d00000| Untracked 
|  52|0x0000000089e00000, 0x0000000089e00000, 0x0000000089f00000|  0%| F|  |TAMS 0x0000000089e00000, 0x0000000089e00000| Untracked 
|  53|0x0000000089f00000, 0x0000000089f00000, 0x000000008a000000|  0%| F|  |TAMS 0x0000000089f00000, 0x0000000089f00000| Untracked 
|  54|0x000000008a000000, 0x000000008a000000, 0x000000008a100000|  0%| F|  |TAMS 0x000000008a000000, 0x000000008a000000| Untracked 
|  55|0x000000008a100000, 0x000000008a100000, 0x000000008a200000|  0%| F|  |TAMS 0x000000008a100000, 0x000000008a100000| Untracked 
|  56|0x000000008a200000, 0x000000008a200000, 0x000000008a300000|  0%| F|  |TAMS 0x000000008a200000, 0x000000008a200000| Untracked 
|  57|0x000000008a300000, 0x000000008a300000, 0x000000008a400000|  0%| F|  |TAMS 0x000000008a300000, 0x000000008a300000| Untracked 
|  58|0x000000008a400000, 0x000000008a400000, 0x000000008a500000|  0%| F|  |TAMS 0x000000008a400000, 0x000000008a400000| Untracked 
|  59|0x000000008a500000, 0x000000008a500000, 0x000000008a600000|  0%| F|  |TAMS 0x000000008a500000, 0x000000008a500000| Untracked 
|  60|0x000000008a600000, 0x000000008a600000, 0x000000008a700000|  0%| F|  |TAMS 0x000000008a600000, 0x000000008a600000| Untracked 
|  61|0x000000008a700000, 0x000000008a700000, 0x000000008a800000|  0%| F|  |TAMS 0x000000008a700000, 0x000000008a700000| Untracked 
|  62|0x000000008a800000, 0x000000008a800000, 0x000000008a900000|  0%| F|  |TAMS 0x000000008a800000, 0x000000008a800000| Untracked 
|  63|0x000000008a900000, 0x000000008a900000, 0x000000008aa00000|  0%| F|  |TAMS 0x000000008a900000, 0x000000008a900000| Untracked 
|  64|0x000000008aa00000, 0x000000008aa00000, 0x000000008ab00000|  0%| F|  |TAMS 0x000000008aa00000, 0x000000008aa00000| Untracked 
|  65|0x000000008ab00000, 0x000000008ab00000, 0x000000008ac00000|  0%| F|  |TAMS 0x000000008ab00000, 0x000000008ab00000| Untracked 
|  66|0x000000008ac00000, 0x000000008ac00000, 0x000000008ad00000|  0%| F|  |TAMS 0x000000008ac00000, 0x000000008ac00000| Untracked 
|  67|0x000000008ad00000, 0x000000008ad00000, 0x000000008ae00000|  0%| F|  |TAMS 0x000000008ad00000, 0x000000008ad00000| Untracked 
|  68|0x000000008ae00000, 0x000000008ae00000, 0x000000008af00000|  0%| F|  |TAMS 0x000000008ae00000, 0x000000008ae00000| Untracked 
|  69|0x000000008af00000, 0x000000008af00000, 0x000000008b000000|  0%| F|  |TAMS 0x000000008af00000, 0x000000008af00000| Untracked 
|  70|0x000000008b000000, 0x000000008b000000, 0x000000008b100000|  0%| F|  |TAMS 0x000000008b000000, 0x000000008b000000| Untracked 
|  71|0x000000008b100000, 0x000000008b100000, 0x000000008b200000|  0%| F|  |TAMS 0x000000008b100000, 0x000000008b100000| Untracked 
|  72|0x000000008b200000, 0x000000008b200000, 0x000000008b300000|  0%| F|  |TAMS 0x000000008b200000, 0x000000008b200000| Untracked 
|  73|0x000000008b300000, 0x000000008b300000, 0x000000008b400000|  0%| F|  |TAMS 0x000000008b300000, 0x000000008b300000| Untracked 
|  74|0x000000008b400000, 0x000000008b400000, 0x000000008b500000|  0%| F|  |TAMS 0x000000008b400000, 0x000000008b400000| Untracked 
|  75|0x000000008b500000, 0x000000008b500000, 0x000000008b600000|  0%| F|  |TAMS 0x000000008b500000, 0x000000008b500000| Untracked 
|  76|0x000000008b600000, 0x000000008b600000, 0x000000008b700000|  0%| F|  |TAMS 0x000000008b600000, 0x000000008b600000| Untracked 
|  77|0x000000008b700000, 0x000000008b700000, 0x000000008b800000|  0%| F|  |TAMS 0x000000008b700000, 0x000000008b700000| Untracked 
|  78|0x000000008b800000, 0x000000008b800000, 0x000000008b900000|  0%| F|  |TAMS 0x000000008b800000, 0x000000008b800000| Untracked 
|  79|0x000000008b900000, 0x000000008b900000, 0x000000008ba00000|  0%| F|  |TAMS 0x000000008b900000, 0x000000008b900000| Untracked 
|  80|0x000000008ba00000, 0x000000008ba00000, 0x000000008bb00000|  0%| F|  |TAMS 0x000000008ba00000, 0x000000008ba00000| Untracked 
|  81|0x000000008bb00000, 0x000000008bb00000, 0x000000008bc00000|  0%| F|  |TAMS 0x000000008bb00000, 0x000000008bb00000| Untracked 
|  82|0x000000008bc00000, 0x000000008bc00000, 0x000000008bd00000|  0%| F|  |TAMS 0x000000008bc00000, 0x000000008bc00000| Untracked 
|  83|0x000000008bd00000, 0x000000008bd00000, 0x000000008be00000|  0%| F|  |TAMS 0x000000008bd00000, 0x000000008bd00000| Untracked 
|  84|0x000000008be00000, 0x000000008be00000, 0x000000008bf00000|  0%| F|  |TAMS 0x000000008be00000, 0x000000008be00000| Untracked 
|  85|0x000000008bf00000, 0x000000008bf00000, 0x000000008c000000|  0%| F|  |TAMS 0x000000008bf00000, 0x000000008bf00000| Untracked 
|  86|0x000000008c000000, 0x000000008c000000, 0x000000008c100000|  0%| F|  |TAMS 0x000000008c000000, 0x000000008c000000| Untracked 
|  87|0x000000008c100000, 0x000000008c100000, 0x000000008c200000|  0%| F|  |TAMS 0x000000008c100000, 0x000000008c100000| Untracked 
|  88|0x000000008c200000, 0x000000008c200000, 0x000000008c300000|  0%| F|  |TAMS 0x000000008c200000, 0x000000008c200000| Untracked 
|  89|0x000000008c300000, 0x000000008c300000, 0x000000008c400000|  0%| F|  |TAMS 0x000000008c300000, 0x000000008c300000| Untracked 
|  90|0x000000008c400000, 0x000000008c400000, 0x000000008c500000|  0%| F|  |TAMS 0x000000008c400000, 0x000000008c400000| Untracked 
|  91|0x000000008c500000, 0x000000008c500000, 0x000000008c600000|  0%| F|  |TAMS 0x000000008c500000, 0x000000008c500000| Untracked 
|  92|0x000000008c600000, 0x000000008c600000, 0x000000008c700000|  0%| F|  |TAMS 0x000000008c600000, 0x000000008c600000| Untracked 
|  93|0x000000008c700000, 0x000000008c700000, 0x000000008c800000|  0%| F|  |TAMS 0x000000008c700000, 0x000000008c700000| Untracked 
|  94|0x000000008c800000, 0x000000008c800000, 0x000000008c900000|  0%| F|  |TAMS 0x000000008c800000, 0x000000008c800000| Untracked 
|  95|0x000000008c900000, 0x000000008c900000, 0x000000008ca00000|  0%| F|  |TAMS 0x000000008c900000, 0x000000008c900000| Untracked 
|  96|0x000000008ca00000, 0x000000008ca00000, 0x000000008cb00000|  0%| F|  |TAMS 0x000000008ca00000, 0x000000008ca00000| Untracked 
|  97|0x000000008cb00000, 0x000000008cb00000, 0x000000008cc00000|  0%| F|  |TAMS 0x000000008cb00000, 0x000000008cb00000| Untracked 
|  98|0x000000008cc00000, 0x000000008cc00000, 0x000000008cd00000|  0%| F|  |TAMS 0x000000008cc00000, 0x000000008cc00000| Untracked 
|  99|0x000000008cd00000, 0x000000008cd00000, 0x000000008ce00000|  0%| F|  |TAMS 0x000000008cd00000, 0x000000008cd00000| Untracked 
| 100|0x000000008ce00000, 0x000000008ce00000, 0x000000008cf00000|  0%| F|  |TAMS 0x000000008ce00000, 0x000000008ce00000| Untracked 
| 101|0x000000008cf00000, 0x000000008cf9e940, 0x000000008d000000| 61%| S|CS|TAMS 0x000000008cf00000, 0x000000008cf00000| Complete 
| 102|0x000000008d000000, 0x000000008d100000, 0x000000008d100000|100%| S|CS|TAMS 0x000000008d000000, 0x000000008d000000| Complete 
| 103|0x000000008d100000, 0x000000008d200000, 0x000000008d200000|100%| S|CS|TAMS 0x000000008d100000, 0x000000008d100000| Complete 
| 104|0x000000008d200000, 0x000000008d300000, 0x000000008d300000|100%| S|CS|TAMS 0x000000008d200000, 0x000000008d200000| Complete 
| 105|0x000000008d300000, 0x000000008d400000, 0x000000008d400000|100%| S|CS|TAMS 0x000000008d300000, 0x000000008d300000| Complete 
| 106|0x000000008d400000, 0x000000008d500000, 0x000000008d500000|100%| S|CS|TAMS 0x000000008d400000, 0x000000008d400000| Complete 
| 107|0x000000008d500000, 0x000000008d500000, 0x000000008d600000|  0%| F|  |TAMS 0x000000008d500000, 0x000000008d500000| Untracked 
| 108|0x000000008d600000, 0x000000008d600000, 0x000000008d700000|  0%| F|  |TAMS 0x000000008d600000, 0x000000008d600000| Untracked 
| 109|0x000000008d700000, 0x000000008d700000, 0x000000008d800000|  0%| F|  |TAMS 0x000000008d700000, 0x000000008d700000| Untracked 
| 110|0x000000008d800000, 0x000000008d800000, 0x000000008d900000|  0%| F|  |TAMS 0x000000008d800000, 0x000000008d800000| Untracked 
| 111|0x000000008d900000, 0x000000008d900000, 0x000000008da00000|  0%| F|  |TAMS 0x000000008d900000, 0x000000008d900000| Untracked 
| 112|0x000000008da00000, 0x000000008db00000, 0x000000008db00000|100%| S|CS|TAMS 0x000000008da00000, 0x000000008da00000| Complete 
| 113|0x000000008db00000, 0x000000008dc00000, 0x000000008dc00000|100%| S|CS|TAMS 0x000000008db00000, 0x000000008db00000| Complete 
| 114|0x000000008dc00000, 0x000000008dd00000, 0x000000008dd00000|100%| S|CS|TAMS 0x000000008dc00000, 0x000000008dc00000| Complete 
| 115|0x000000008dd00000, 0x000000008dd00000, 0x000000008de00000|  0%| F|  |TAMS 0x000000008dd00000, 0x000000008dd00000| Untracked 
| 116|0x000000008de00000, 0x000000008de00000, 0x000000008df00000|  0%| F|  |TAMS 0x000000008de00000, 0x000000008de00000| Untracked 
| 117|0x000000008df00000, 0x000000008df00000, 0x000000008e000000|  0%| F|  |TAMS 0x000000008df00000, 0x000000008df00000| Untracked 
| 118|0x000000008e000000, 0x000000008e000000, 0x000000008e100000|  0%| F|  |TAMS 0x000000008e000000, 0x000000008e000000| Untracked 
| 119|0x000000008e100000, 0x000000008e100000, 0x000000008e200000|  0%| F|  |TAMS 0x000000008e100000, 0x000000008e100000| Untracked 
| 120|0x000000008e200000, 0x000000008e200000, 0x000000008e300000|  0%| F|  |TAMS 0x000000008e200000, 0x000000008e200000| Untracked 
| 121|0x000000008e300000, 0x000000008e300000, 0x000000008e400000|  0%| F|  |TAMS 0x000000008e300000, 0x000000008e300000| Untracked 
| 122|0x000000008e400000, 0x000000008e400000, 0x000000008e500000|  0%| F|  |TAMS 0x000000008e400000, 0x000000008e400000| Untracked 
| 123|0x000000008e500000, 0x000000008e500000, 0x000000008e600000|  0%| F|  |TAMS 0x000000008e500000, 0x000000008e500000| Untracked 
| 124|0x000000008e600000, 0x000000008e600000, 0x000000008e700000|  0%| F|  |TAMS 0x000000008e600000, 0x000000008e600000| Untracked 
| 125|0x000000008e700000, 0x000000008e700000, 0x000000008e800000|  0%| F|  |TAMS 0x000000008e700000, 0x000000008e700000| Untracked 
| 126|0x000000008e800000, 0x000000008e800000, 0x000000008e900000|  0%| F|  |TAMS 0x000000008e800000, 0x000000008e800000| Untracked 
| 127|0x000000008e900000, 0x000000008e900000, 0x000000008ea00000|  0%| F|  |TAMS 0x000000008e900000, 0x000000008e900000| Untracked 
| 128|0x000000008ea00000, 0x000000008ea00000, 0x000000008eb00000|  0%| F|  |TAMS 0x000000008ea00000, 0x000000008ea00000| Untracked 
| 129|0x000000008eb00000, 0x000000008eb00000, 0x000000008ec00000|  0%| F|  |TAMS 0x000000008eb00000, 0x000000008eb00000| Untracked 
| 130|0x000000008ec00000, 0x000000008ec00000, 0x000000008ed00000|  0%| F|  |TAMS 0x000000008ec00000, 0x000000008ec00000| Untracked 
| 131|0x000000008ed00000, 0x000000008ed00000, 0x000000008ee00000|  0%| F|  |TAMS 0x000000008ed00000, 0x000000008ed00000| Untracked 
| 132|0x000000008ee00000, 0x000000008ee00000, 0x000000008ef00000|  0%| F|  |TAMS 0x000000008ee00000, 0x000000008ee00000| Untracked 
| 133|0x000000008ef00000, 0x000000008ef00000, 0x000000008f000000|  0%| F|  |TAMS 0x000000008ef00000, 0x000000008ef00000| Untracked 
| 134|0x000000008f000000, 0x000000008f000000, 0x000000008f100000|  0%| F|  |TAMS 0x000000008f000000, 0x000000008f000000| Untracked 
| 135|0x000000008f100000, 0x000000008f100000, 0x000000008f200000|  0%| F|  |TAMS 0x000000008f100000, 0x000000008f100000| Untracked 
| 136|0x000000008f200000, 0x000000008f200000, 0x000000008f300000|  0%| F|  |TAMS 0x000000008f200000, 0x000000008f200000| Untracked 
| 137|0x000000008f300000, 0x000000008f300000, 0x000000008f400000|  0%| F|  |TAMS 0x000000008f300000, 0x000000008f300000| Untracked 
| 138|0x000000008f400000, 0x000000008f400000, 0x000000008f500000|  0%| F|  |TAMS 0x000000008f400000, 0x000000008f400000| Untracked 
| 139|0x000000008f500000, 0x000000008f500000, 0x000000008f600000|  0%| F|  |TAMS 0x000000008f500000, 0x000000008f500000| Untracked 
| 140|0x000000008f600000, 0x000000008f600000, 0x000000008f700000|  0%| F|  |TAMS 0x000000008f600000, 0x000000008f600000| Untracked 
| 141|0x000000008f700000, 0x000000008f700000, 0x000000008f800000|  0%| F|  |TAMS 0x000000008f700000, 0x000000008f700000| Untracked 
| 142|0x000000008f800000, 0x000000008f800000, 0x000000008f900000|  0%| F|  |TAMS 0x000000008f800000, 0x000000008f800000| Untracked 
| 143|0x000000008f900000, 0x000000008f900000, 0x000000008fa00000|  0%| F|  |TAMS 0x000000008f900000, 0x000000008f900000| Untracked 
| 144|0x000000008fa00000, 0x000000008fa00000, 0x000000008fb00000|  0%| F|  |TAMS 0x000000008fa00000, 0x000000008fa00000| Untracked 
| 145|0x000000008fb00000, 0x000000008fb00000, 0x000000008fc00000|  0%| F|  |TAMS 0x000000008fb00000, 0x000000008fb00000| Untracked 
| 146|0x000000008fc00000, 0x000000008fc00000, 0x000000008fd00000|  0%| F|  |TAMS 0x000000008fc00000, 0x000000008fc00000| Untracked 
| 147|0x000000008fd00000, 0x000000008fd00000, 0x000000008fe00000|  0%| F|  |TAMS 0x000000008fd00000, 0x000000008fd00000| Untracked 
| 148|0x000000008fe00000, 0x000000008fe00000, 0x000000008ff00000|  0%| F|  |TAMS 0x000000008fe00000, 0x000000008fe00000| Untracked 
| 149|0x000000008ff00000, 0x000000008ff00000, 0x0000000090000000|  0%| F|  |TAMS 0x000000008ff00000, 0x000000008ff00000| Untracked 
| 150|0x0000000090000000, 0x0000000090000000, 0x0000000090100000|  0%| F|  |TAMS 0x0000000090000000, 0x0000000090000000| Untracked 
| 151|0x0000000090100000, 0x0000000090100000, 0x0000000090200000|  0%| F|  |TAMS 0x0000000090100000, 0x0000000090100000| Untracked 
| 152|0x0000000090200000, 0x0000000090200000, 0x0000000090300000|  0%| F|  |TAMS 0x0000000090200000, 0x0000000090200000| Untracked 
| 153|0x0000000090300000, 0x0000000090300000, 0x0000000090400000|  0%| F|  |TAMS 0x0000000090300000, 0x0000000090300000| Untracked 
| 154|0x0000000090400000, 0x0000000090400000, 0x0000000090500000|  0%| F|  |TAMS 0x0000000090400000, 0x0000000090400000| Untracked 
| 155|0x0000000090500000, 0x0000000090500000, 0x0000000090600000|  0%| F|  |TAMS 0x0000000090500000, 0x0000000090500000| Untracked 
| 156|0x0000000090600000, 0x0000000090600000, 0x0000000090700000|  0%| F|  |TAMS 0x0000000090600000, 0x0000000090600000| Untracked 
| 157|0x0000000090700000, 0x0000000090700000, 0x0000000090800000|  0%| F|  |TAMS 0x0000000090700000, 0x0000000090700000| Untracked 
| 158|0x0000000090800000, 0x0000000090800000, 0x0000000090900000|  0%| F|  |TAMS 0x0000000090800000, 0x0000000090800000| Untracked 
| 159|0x0000000090900000, 0x0000000090900000, 0x0000000090a00000|  0%| F|  |TAMS 0x0000000090900000, 0x0000000090900000| Untracked 
| 160|0x0000000090a00000, 0x0000000090a00000, 0x0000000090b00000|  0%| F|  |TAMS 0x0000000090a00000, 0x0000000090a00000| Untracked 
| 161|0x0000000090b00000, 0x0000000090b00000, 0x0000000090c00000|  0%| F|  |TAMS 0x0000000090b00000, 0x0000000090b00000| Untracked 
| 162|0x0000000090c00000, 0x0000000090c00000, 0x0000000090d00000|  0%| F|  |TAMS 0x0000000090c00000, 0x0000000090c00000| Untracked 
| 163|0x0000000090d00000, 0x0000000090d00000, 0x0000000090e00000|  0%| F|  |TAMS 0x0000000090d00000, 0x0000000090d00000| Untracked 
| 164|0x0000000090e00000, 0x0000000090e00000, 0x0000000090f00000|  0%| F|  |TAMS 0x0000000090e00000, 0x0000000090e00000| Untracked 
| 165|0x0000000090f00000, 0x0000000090f00000, 0x0000000091000000|  0%| F|  |TAMS 0x0000000090f00000, 0x0000000090f00000| Untracked 
| 166|0x0000000091000000, 0x0000000091000000, 0x0000000091100000|  0%| F|  |TAMS 0x0000000091000000, 0x0000000091000000| Untracked 
| 167|0x0000000091100000, 0x0000000091100000, 0x0000000091200000|  0%| F|  |TAMS 0x0000000091100000, 0x0000000091100000| Untracked 
| 168|0x0000000091200000, 0x0000000091200000, 0x0000000091300000|  0%| F|  |TAMS 0x0000000091200000, 0x0000000091200000| Untracked 
| 169|0x0000000091300000, 0x0000000091300000, 0x0000000091400000|  0%| F|  |TAMS 0x0000000091300000, 0x0000000091300000| Untracked 
| 170|0x0000000091400000, 0x0000000091400000, 0x0000000091500000|  0%| F|  |TAMS 0x0000000091400000, 0x0000000091400000| Untracked 
| 171|0x0000000091500000, 0x0000000091500000, 0x0000000091600000|  0%| F|  |TAMS 0x0000000091500000, 0x0000000091500000| Untracked 
| 172|0x0000000091600000, 0x0000000091600000, 0x0000000091700000|  0%| F|  |TAMS 0x0000000091600000, 0x0000000091600000| Untracked 
| 173|0x0000000091700000, 0x0000000091700000, 0x0000000091800000|  0%| F|  |TAMS 0x0000000091700000, 0x0000000091700000| Untracked 
| 174|0x0000000091800000, 0x0000000091800000, 0x0000000091900000|  0%| F|  |TAMS 0x0000000091800000, 0x0000000091800000| Untracked 
| 175|0x0000000091900000, 0x00000000919ec9a8, 0x0000000091a00000| 92%| E|  |TAMS 0x0000000091900000, 0x0000000091900000| Complete 
| 176|0x0000000091a00000, 0x0000000091b00000, 0x0000000091b00000|100%| E|CS|TAMS 0x0000000091a00000, 0x0000000091a00000| Complete 
| 177|0x0000000091b00000, 0x0000000091c00000, 0x0000000091c00000|100%| E|CS|TAMS 0x0000000091b00000, 0x0000000091b00000| Complete 
| 178|0x0000000091c00000, 0x0000000091d00000, 0x0000000091d00000|100%| E|CS|TAMS 0x0000000091c00000, 0x0000000091c00000| Complete 
|1940|0x00000000ffe00000, 0x00000000ffe34000, 0x00000000fff00000| 20%|OA|  |TAMS 0x00000000ffe34000, 0x00000000ffe00000| Untracked 
|1941|0x00000000fff00000, 0x00000000fff6a000, 0x0000000100000000| 41%|CA|  |TAMS 0x00000000fff6a000, 0x00000000fff00000| Untracked 

Card table byte_map: [0x00007f109f86a000,0x00007f109fc35000] _byte_map_base: 0x00007f109f435000

Marking Bits (Prev, Next): (CMBitMap*) 0x00007f10bc052800, (CMBitMap*) 0x00007f10bc0527c8
 Prev Bits: [0x00007f109b7ef000, 0x00007f109d647000)
 Next Bits: [0x00007f109d647000, 0x00007f109f49f000)

Polling page: 0x00007f10c4082000

Metaspace:

Usage:
  Non-class:     28.42 MB capacity,    27.77 MB ( 98%) used,   544.81 KB (  2%) free+waste,   117.62 KB ( <1%) overhead. 
      Class:      4.37 MB capacity,     3.95 MB ( 90%) used,   371.17 KB (  8%) free+waste,    56.94 KB (  1%) overhead. 
       Both:     32.78 MB capacity,    31.72 MB ( 97%) used,   915.98 KB (  3%) free+waste,   174.56 KB ( <1%) overhead. 

Virtual space:
  Non-class space:       30.00 MB reserved,      28.67 MB ( 96%) committed 
      Class space:        1.00 GB reserved,       4.38 MB ( <1%) committed 
             Both:        1.03 GB reserved,      33.05 MB (  3%) committed 

Chunk freelists:
   Non-Class:  78.00 KB
       Class:  10.00 KB
        Both:  88.00 KB

CodeHeap 'non-profiled nmethods': size=120032Kb used=1324Kb max_used=1324Kb free=118707Kb
 bounds [0x00007f10ac41e000, 0x00007f10ac68e000, 0x00007f10b3956000]
CodeHeap 'profiled nmethods': size=120032Kb used=6814Kb max_used=6842Kb free=113217Kb
 bounds [0x00007f10a4ee6000, 0x00007f10a55a6000, 0x00007f10ac41e000]
CodeHeap 'non-nmethods': size=5696Kb used=1192Kb max_used=1204Kb free=4503Kb
 bounds [0x00007f10a4956000, 0x00007f10a4bc6000, 0x00007f10a4ee6000]
 total_blobs=4503 nmethods=3275 adapters=456
 compilation: enabled
              stopped_count=0, restarted_count=0
 full_count=0

Compilation events (10 events):
Event: 13.217 Thread 0x00007f10bc17b000 3374       1       java.awt.image.Raster::getMinY (5 bytes)
Event: 13.217 Thread 0x00007f10bc17b000 nmethod 3374 0x00007f10ac567f90 code [0x00007f10ac568140, 0x00007f10ac568270]
Event: 13.217 Thread 0x00007f10bc17b000 3377       1       java.awt.image.Raster::getSampleModel (5 bytes)
Event: 13.217 Thread 0x00007f10bc17b000 nmethod 3377 0x00007f10ac568310 code [0x00007f10ac5684c0, 0x00007f10ac5685f0]
Event: 13.217 Thread 0x00007f10bc17b000 3378       1       java.awt.image.Raster::getWidth (5 bytes)
Event: 13.217 Thread 0x00007f10bc17b000 nmethod 3378 0x00007f10ac568690 code [0x00007f10ac568840, 0x00007f10ac568970]
Event: 13.217 Thread 0x00007f10bc17b000 3379       1       java.awt.image.Raster::getHeight (5 bytes)
Event: 13.218 Thread 0x00007f10bc17b000 nmethod 3379 0x00007f10ac568a10 code [0x00007f10ac568bc0, 0x00007f10ac568cf0]
Event: 13.218 Thread 0x00007f10bc17b000 3381       1       sun.awt.image.ByteInterleavedRaster::getPixelStride (5 bytes)
Event: 13.218 Thread 0x00007f10bc17b000 nmethod 3381 0x00007f10ac568d90 code [0x00007f10ac568f40, 0x00007f10ac569070]

GC Heap History (10 events):
Event: 0.793 GC heap before
{Heap before GC invocations=1 (full 0):
 garbage-first heap   total 126976K, used 14751K [0x0000000086a00000, 0x0000000100000000)
  region size 1024K, 12 young (12288K), 2 survivors (2048K)
 Metaspace       used 5037K, capacity 6846K, committed 6912K, reserved 1056768K
  class space    used 582K, capacity 754K, committed 768K, reserved 1048576K
}
Event: 0.805 GC heap after
{Heap after GC invocations=2 (full 0):
 garbage-first heap   total 126976K, used 5026K [0x0000000086a00000, 0x0000000100000000)
  region size 1024K, 1 young (1024K), 1 survivors (1024K)
 Metaspace       used 5037K, capacity 6846K, committed 6912K, reserved 1056768K
  class space    used 582K, capacity 754K, committed 768K, reserved 1048576K
}
Event: 1.278 GC heap before
{Heap before GC invocations=2 (full 0):
 garbage-first heap   total 126976K, used 35746K [0x0000000086a00000, 0x0000000100000000)
  region size 1024K, 32 young (32768K), 1 survivors (1024K)
 Metaspace       used 11075K, capacity 11546K, committed 11648K, reserved 1058816K
  class space    used 1476K, capacity 1649K, committed 1664K, reserved 1048576K
}
Event: 1.284 GC heap after
{Heap after GC invocations=3 (full 0):
 garbage-first heap   total 126976K, used 6850K [0x0000000086a00000, 0x0000000100000000)
  region size 1024K, 3 young (3072K), 3 survivors (3072K)
 Metaspace       used 11075K, capacity 11546K, committed 11648K, reserved 1058816K
  class space    used 1476K, capacity 1649K, committed 1664K, reserved 1048576K
}
Event: 2.153 GC heap before
{Heap before GC invocations=3 (full 0):
 garbage-first heap   total 126976K, used 58050K [0x0000000086a00000, 0x0000000100000000)
  region size 1024K, 54 young (55296K), 3 survivors (3072K)
 Metaspace       used 19174K, capacity 19868K, committed 20224K, reserved 1067008K
  class space    used 2452K, capacity 2714K, committed 2816K, reserved 1048576K
}
Event: 2.182 GC heap after
{Heap after GC invocations=4 (full 0):
 garbage-first heap   total 126976K, used 8708K [0x0000000086a00000, 0x0000000100000000)
  region size 1024K, 4 young (4096K), 4 survivors (4096K)
 Metaspace       used 19174K, capacity 19868K, committed 20224K, reserved 1067008K
  class space    used 2452K, capacity 2714K, committed 2816K, reserved 1048576K
}
Event: 2.416 GC heap before
{Heap before GC invocations=4 (full 0):
 garbage-first heap   total 126976K, used 17924K [0x0000000086a00000, 0x0000000100000000)
  region size 1024K, 14 young (14336K), 4 survivors (4096K)
 Metaspace       used 20522K, capacity 21168K, committed 21296K, reserved 1067008K
  class space    used 2626K, capacity 2887K, committed 2944K, reserved 1048576K
}
Event: 2.424 GC heap after
{Heap after GC invocations=5 (full 0):
 garbage-first heap   total 185344K, used 9396K [0x0000000086a00000, 0x0000000100000000)
  region size 1024K, 5 young (5120K), 5 survivors (5120K)
 Metaspace       used 20522K, capacity 21168K, committed 21296K, reserved 1067008K
  class space    used 2626K, capacity 2887K, committed 2944K, reserved 1048576K
}
Event: 12.826 GC heap before
{Heap before GC invocations=6 (full 0):
 garbage-first heap   total 185344K, used 73908K [0x0000000086a00000, 0x0000000100000000)
  region size 1024K, 69 young (70656K), 5 survivors (5120K)
 Metaspace       used 31913K, capacity 32992K, committed 33328K, reserved 1079296K
  class space    used 3980K, capacity 4406K, committed 4480K, reserved 1048576K
}
Event: 12.844 GC heap after
{Heap after GC invocations=7 (full 0):
 garbage-first heap   total 185344K, used 13442K [0x0000000086a00000, 0x0000000100000000)
  region size 1024K, 9 young (9216K), 9 survivors (9216K)
 Metaspace       used 31913K, capacity 32992K, committed 33328K, reserved 1079296K
  class space    used 3980K, capacity 4406K, committed 4480K, reserved 1048576K
}

Deoptimization events (10 events):
Event: 13.205 Thread 0x00007f104880f000 DEOPT PACKING pc=0x00007f10ac561ae0 sp=0x00007f1070e8edf0
Event: 13.205 Thread 0x00007f104880f000 DEOPT UNPACKING pc=0x00007f10a497ea25 sp=0x00007f1070e8ee50 mode 2
Event: 13.205 Thread 0x00007f104880f000 Uncommon trap: trap_request=0xffffff6e fr.pc=0x00007f10ac561ae0 relative=0x00000000000013a0
Event: 13.205 Thread 0x00007f104880f000 Uncommon trap: reason=speculate_class_check action=maybe_recompile pc=0x00007f10ac561ae0 method=java.util.zip.InflaterInputStream.read([BII)I @ 100 c2
Event: 13.205 Thread 0x00007f104880f000 DEOPT PACKING pc=0x00007f10ac561ae0 sp=0x00007f1070e8edf0
Event: 13.205 Thread 0x00007f104880f000 DEOPT UNPACKING pc=0x00007f10a497ea25 sp=0x00007f1070e8ee50 mode 2
Event: 13.206 Thread 0x00007f104880f000 Uncommon trap: trap_request=0xffffff6e fr.pc=0x00007f10ac561ae0 relative=0x00000000000013a0
Event: 13.206 Thread 0x00007f104880f000 Uncommon trap: reason=speculate_class_check action=maybe_recompile pc=0x00007f10ac561ae0 method=java.util.zip.InflaterInputStream.read([BII)I @ 100 c2
Event: 13.206 Thread 0x00007f104880f000 DEOPT PACKING pc=0x00007f10ac561ae0 sp=0x00007f1070e8edf0
Event: 13.206 Thread 0x00007f104880f000 DEOPT UNPACKING pc=0x00007f10a497ea25 sp=0x00007f1070e8ee50 mode 2

Classes redefined (0 events):
No events

Internal exceptions (10 events):
Event: 3.588 Thread 0x00007f1054002800 Exception <a 'java/lang/NoSuchMethodError'{0x000000008ec3a410}: 'int java.lang.invoke.DirectMethodHandle$Holder.invokeStaticInit(java.lang.Object, java.lang.Object, java.lang.Object, java.lang.Object)'> (0x000000008ec3a410) thrown at [/build/openjdk-lts-7
Event: 12.710 Thread 0x00007f104880f000 Exception <a 'java/lang/ClassNotFoundException'{0x000000008e019280}: sun/awt/resources/spi/awtProvider> (0x000000008e019280) thrown at [/build/openjdk-lts-7bqZff/openjdk-lts-11.0.4+11/src/hotspot/share/classfile/systemDictionary.cpp, line 231]
Event: 12.745 Thread 0x00007f104880f000 Exception <a 'java/io/FileNotFoundException'{0x000000008e079a88}> (0x000000008e079a88) thrown at [/build/openjdk-lts-7bqZff/openjdk-lts-11.0.4+11/src/hotspot/share/prims/jni.cpp, line 615]
Event: 12.818 Thread 0x00007f104880f000 Exception <a 'java/lang/NoSuchMethodError'{0x000000008ddbbc00}: 'java.lang.Object java.lang.invoke.DirectMethodHandle$Holder.invokeStaticInit(java.lang.Object, java.lang.Object, long, java.lang.Object)'> (0x000000008ddbbc00) thrown at [/build/openjdk-lts-
Event: 12.818 Thread 0x00007f104880f000 Exception <a 'java/lang/NoSuchMethodError'{0x000000008ddcdbe0}: 'java.lang.Object java.lang.invoke.Invokers$Holder.linkToTargetMethod(java.lang.Object, long, java.lang.Object)'> (0x000000008ddcdbe0) thrown at [/build/openjdk-lts-7bqZff/openjdk-lts-11.0.4+
Event: 12.819 Thread 0x00007f104880f000 Exception <a 'java/lang/NoSuchMethodError'{0x000000008ddd4620}: 'java.lang.Object java.lang.invoke.DirectMethodHandle$Holder.invokeStatic(java.lang.Object, java.lang.Object, java.lang.Object, int)'> (0x000000008ddd4620) thrown at [/build/openjdk-lts-7bqZf
Event: 12.819 Thread 0x00007f104880f000 Exception <a 'java/lang/NoSuchMethodError'{0x000000008ddd8290}: 'java.lang.Object java.lang.invoke.DirectMethodHandle$Holder.invokeSpecial(java.lang.Object, java.lang.Object, java.lang.Object, java.lang.Object, int)'> (0x000000008ddd8290) thrown at [/buil
Event: 12.820 Thread 0x00007f104880f000 Exception <a 'java/lang/NoSuchMethodError'{0x000000008dddb5a0}: 'java.lang.Object java.lang.invoke.Invokers$Holder.linkToTargetMethod(java.lang.Object, java.lang.Object, int, java.lang.Object)'> (0x000000008dddb5a0) thrown at [/build/openjdk-lts-7bqZff/op
Event: 12.846 Thread 0x00007f104880f000 Exception <a 'java/lang/UnsatisfiedLinkError'{0x0000000091c2dba0}: libtesseract.so: cannot open shared object file: No such file or directory> (0x0000000091c2dba0) thrown at [/build/openjdk-lts-7bqZff/openjdk-lts-11.0.4+11/src/hotspot/share/prims/jni.cpp,
Event: 12.846 Thread 0x00007f104880f000 Exception <a 'java/lang/UnsatisfiedLinkError'{0x0000000091c2ebd8}: libtesseract.so: cannot open shared object file: No such file or directory> (0x0000000091c2ebd8) thrown at [/build/openjdk-lts-7bqZff/openjdk-lts-11.0.4+11/src/hotspot/share/prims/jni.cpp,

Events (10 events):
Event: 13.203 loading class sun/awt/image/BytePackedRaster
Event: 13.203 loading class sun/awt/image/BytePackedRaster done
Event: 13.204 loading class com/sun/imageio/plugins/common/ReaderUtil
Event: 13.204 loading class com/sun/imageio/plugins/common/ReaderUtil done
Event: 13.210 loading class javax/imageio/IIOImage
Event: 13.210 loading class javax/imageio/IIOImage done
Event: 13.212 loading class java/lang/StrictMath
Event: 13.213 loading class java/lang/StrictMath done
Event: 13.214 loading class com/sun/jna/Native$Buffers
Event: 13.214 loading class com/sun/jna/Native$Buffers done


Dynamic libraries:
86a00000-91d00000 rw-p 00000000 00:00 0 
91d00000-ffe00000 ---p 00000000 00:00 0 
ffe00000-ffe34000 rw-p 01116000 08:01 44171559                           /usr/lib/jvm/java-11-openjdk-amd64/lib/server/classes.jsa
ffe34000-fff00000 rw-p 00000000 00:00 0 
fff00000-fff6a000 rw-p 010ac000 08:01 44171559                           /usr/lib/jvm/java-11-openjdk-amd64/lib/server/classes.jsa
fff6a000-100000000 rw-p 00000000 00:00 0 
800000000-800002000 rwxp 00001000 08:01 44171559                         /usr/lib/jvm/java-11-openjdk-amd64/lib/server/classes.jsa
800002000-8003bd000 rw-p 00003000 08:01 44171559                         /usr/lib/jvm/java-11-openjdk-amd64/lib/server/classes.jsa
8003bd000-800a98000 r--p 003be000 08:01 44171559                         /usr/lib/jvm/java-11-openjdk-amd64/lib/server/classes.jsa
800a98000-800a99000 rw-p 00a99000 08:01 44171559                         /usr/lib/jvm/java-11-openjdk-amd64/lib/server/classes.jsa
800a99000-8010ab000 r--p 00a9a000 08:01 44171559                         /usr/lib/jvm/java-11-openjdk-amd64/lib/server/classes.jsa
840000000-840460000 rw-p 00000000 00:00 0 
840460000-880000000 ---p 00000000 00:00 0 
5611c8a4c000-5611c8a4d000 r-xp 00000000 08:01 44041015                   /usr/lib/jvm/java-11-openjdk-amd64/bin/java
5611c8c4d000-5611c8c4e000 r--p 00001000 08:01 44041015                   /usr/lib/jvm/java-11-openjdk-amd64/bin/java
5611c8c4e000-5611c8c4f000 rw-p 00002000 08:01 44041015                   /usr/lib/jvm/java-11-openjdk-amd64/bin/java
5611ca47c000-5611ca49d000 rw-p 00000000 00:00 0                          [heap]
7f101d6ba000-7f101d6c5000 r-xp 00000000 08:01 43784520                   /usr/lib/x86_64-linux-gnu/libjbig.so.0
7f101d6c5000-7f101d8c4000 ---p 0000b000 08:01 43784520                   /usr/lib/x86_64-linux-gnu/libjbig.so.0
7f101d8c4000-7f101d8c5000 r--p 0000a000 08:01 43784520                   /usr/lib/x86_64-linux-gnu/libjbig.so.0
7f101d8c5000-7f101d8c8000 rw-p 0000b000 08:01 43784520                   /usr/lib/x86_64-linux-gnu/libjbig.so.0
7f101d8c8000-7f101d8ec000 r-xp 00000000 08:01 56361345                   /lib/x86_64-linux-gnu/liblzma.so.5.2.2
7f101d8ec000-7f101daec000 ---p 00024000 08:01 56361345                   /lib/x86_64-linux-gnu/liblzma.so.5.2.2
7f101daec000-7f101daed000 r--p 00024000 08:01 56361345                   /lib/x86_64-linux-gnu/liblzma.so.5.2.2
7f101daed000-7f101daee000 rw-p 00025000 08:01 56361345                   /lib/x86_64-linux-gnu/liblzma.so.5.2.2
7f101daee000-7f101db42000 r-xp 00000000 08:01 43780019                   /usr/lib/x86_64-linux-gnu/libopenjp2.so.2.3.0
7f101db42000-7f101dd42000 ---p 00054000 08:01 43780019                   /usr/lib/x86_64-linux-gnu/libopenjp2.so.2.3.0
7f101dd42000-7f101dd43000 r--p 00054000 08:01 43780019                   /usr/lib/x86_64-linux-gnu/libopenjp2.so.2.3.0
7f101dd43000-7f101dd44000 rw-p 00055000 08:01 43780019                   /usr/lib/x86_64-linux-gnu/libopenjp2.so.2.3.0
7f101dd44000-7f101ddaa000 r-xp 00000000 08:01 43786349                   /usr/lib/x86_64-linux-gnu/libwebp.so.6.0.2
7f101ddaa000-7f101dfa9000 ---p 00066000 08:01 43786349                   /usr/lib/x86_64-linux-gnu/libwebp.so.6.0.2
7f101dfa9000-7f101dfaa000 r--p 00065000 08:01 43786349                   /usr/lib/x86_64-linux-gnu/libwebp.so.6.0.2
7f101dfaa000-7f101dfab000 rw-p 00066000 08:01 43786349                   /usr/lib/x86_64-linux-gnu/libwebp.so.6.0.2
7f101dfab000-7f101dfad000 rw-p 00000000 00:00 0 
7f101dfad000-7f101e020000 r-xp 00000000 08:01 43779905                   /usr/lib/x86_64-linux-gnu/libtiff.so.5.3.0
7f101e020000-7f101e21f000 ---p 00073000 08:01 43779905                   /usr/lib/x86_64-linux-gnu/libtiff.so.5.3.0
7f101e21f000-7f101e223000 r--p 00072000 08:01 43779905                   /usr/lib/x86_64-linux-gnu/libtiff.so.5.3.0
7f101e223000-7f101e224000 rw-p 00076000 08:01 43779905                   /usr/lib/x86_64-linux-gnu/libtiff.so.5.3.0
7f101e224000-7f101e22c000 r-xp 00000000 08:01 43779472                   /usr/lib/x86_64-linux-gnu/libgif.so.7.0.0
7f101e22c000-7f101e42b000 ---p 00008000 08:01 43779472                   /usr/lib/x86_64-linux-gnu/libgif.so.7.0.0
7f101e42b000-7f101e42c000 r--p 00007000 08:01 43779472                   /usr/lib/x86_64-linux-gnu/libgif.so.7.0.0
7f101e42c000-7f101e42d000 rw-p 00008000 08:01 43779472                   /usr/lib/x86_64-linux-gnu/libgif.so.7.0.0
7f101e42d000-7f101e494000 r-xp 00000000 08:01 43778107                   /usr/lib/x86_64-linux-gnu/libjpeg.so.8.1.2
7f101e494000-7f101e693000 ---p 00067000 08:01 43778107                   /usr/lib/x86_64-linux-gnu/libjpeg.so.8.1.2
7f101e693000-7f101e694000 r--p 00066000 08:01 43778107                   /usr/lib/x86_64-linux-gnu/libjpeg.so.8.1.2
7f101e694000-7f101e695000 rw-p 00067000 08:01 43778107                   /usr/lib/x86_64-linux-gnu/libjpeg.so.8.1.2
7f101e695000-7f101e6c6000 r-xp 00000000 08:01 43782125                   /usr/lib/x86_64-linux-gnu/libpng16.so.16.34.0
7f101e6c6000-7f101e8c5000 ---p 00031000 08:01 43782125                   /usr/lib/x86_64-linux-gnu/libpng16.so.16.34.0
7f101e8c5000-7f101e8c6000 r--p 00030000 08:01 43782125                   /usr/lib/x86_64-linux-gnu/libpng16.so.16.34.0
7f101e8c6000-7f101e8c7000 rw-p 00031000 08:01 43782125                   /usr/lib/x86_64-linux-gnu/libpng16.so.16.34.0
7f101e8c7000-7f101e8f5000 r-xp 00000000 08:01 43779603                   /usr/lib/x86_64-linux-gnu/libgomp.so.1.0.0
7f101e8f5000-7f101eaf4000 ---p 0002e000 08:01 43779603                   /usr/lib/x86_64-linux-gnu/libgomp.so.1.0.0
7f101eaf4000-7f101eaf5000 r--p 0002d000 08:01 43779603                   /usr/lib/x86_64-linux-gnu/libgomp.so.1.0.0
7f101eaf5000-7f101eaf6000 rw-p 0002e000 08:01 43779603                   /usr/lib/x86_64-linux-gnu/libgomp.so.1.0.0
7f101eaf6000-7f101ed52000 r-xp 00000000 08:01 43781123                   /usr/lib/x86_64-linux-gnu/liblept.so.5.0.2
7f101ed52000-7f101ef51000 ---p 0025c000 08:01 43781123                   /usr/lib/x86_64-linux-gnu/liblept.so.5.0.2
7f101ef51000-7f101ef52000 r--p 0025b000 08:01 43781123                   /usr/lib/x86_64-linux-gnu/liblept.so.5.0.2
7f101ef52000-7f101ef58000 rw-p 0025c000 08:01 43781123                   /usr/lib/x86_64-linux-gnu/liblept.so.5.0.2
7f101ef58000-7f101f265000 r-xp 00000000 08:01 43781133                   /usr/lib/x86_64-linux-gnu/libtesseract.so.4.0.0
7f101f265000-7f101f464000 ---p 0030d000 08:01 43781133                   /usr/lib/x86_64-linux-gnu/libtesseract.so.4.0.0
7f101f464000-7f101f469000 r--p 0030c000 08:01 43781133                   /usr/lib/x86_64-linux-gnu/libtesseract.so.4.0.0
7f101f469000-7f101f46a000 rw-p 00311000 08:01 43781133                   /usr/lib/x86_64-linux-gnu/libtesseract.so.4.0.0
7f101f46a000-7f101f7ce000 rw-p 00000000 00:00 0 
7f101f7ce000-7f101f90e000 ---p 00000000 00:00 0 
7f101f90e000-7f101f926000 r-xp 00000000 08:01 38667100                   /tmp/jna-108277277/jna13431443413659317305.tmp (deleted)
7f101f926000-7f101fb26000 ---p 00018000 08:01 38667100                   /tmp/jna-108277277/jna13431443413659317305.tmp (deleted)
7f101fb26000-7f101fb27000 rw-p 00018000 08:01 38667100                   /tmp/jna-108277277/jna13431443413659317305.tmp (deleted)
7f101fb27000-7f101fb2f000 r-xp 00000000 08:01 44176011                   /usr/lib/jvm/java-11-openjdk-amd64/lib/libawt_headless.so
7f101fb2f000-7f101fd2e000 ---p 00008000 08:01 44176011                   /usr/lib/jvm/java-11-openjdk-amd64/lib/libawt_headless.so
7f101fd2e000-7f101fd2f000 r--p 00007000 08:01 44176011                   /usr/lib/jvm/java-11-openjdk-amd64/lib/libawt_headless.so
7f101fd2f000-7f101fd30000 rw-p 00008000 08:01 44176011                   /usr/lib/jvm/java-11-openjdk-amd64/lib/libawt_headless.so
7f101fd30000-7f101fdcf000 r-xp 00000000 08:01 44175591                   /usr/lib/jvm/java-11-openjdk-amd64/lib/libawt.so
7f101fdcf000-7f101ffcf000 ---p 0009f000 08:01 44175591                   /usr/lib/jvm/java-11-openjdk-amd64/lib/libawt.so
7f101ffcf000-7f101ffd0000 r--p 0009f000 08:01 44175591                   /usr/lib/jvm/java-11-openjdk-amd64/lib/libawt.so
7f101ffd0000-7f101ffdb000 rw-p 000a0000 08:01 44175591                   /usr/lib/jvm/java-11-openjdk-amd64/lib/libawt.so
7f101ffdb000-7f1020000000 rw-p 00000000 00:00 0 
7f1020000000-7f1020471000 rw-p 00000000 00:00 0 
7f1020471000-7f1024000000 ---p 00000000 00:00 0 
7f1024000000-7f1024021000 rw-p 00000000 00:00 0 
7f1024021000-7f1028000000 ---p 00000000 00:00 0 
7f1028000000-7f1028021000 rw-p 00000000 00:00 0 
7f1028021000-7f102c000000 ---p 00000000 00:00 0 
7f102c000000-7f102c021000 rw-p 00000000 00:00 0 
7f102c021000-7f1030000000 ---p 00000000 00:00 0 
7f1030000000-7f1030021000 rw-p 00000000 00:00 0 
7f1030021000-7f1034000000 ---p 00000000 00:00 0 
7f1034000000-7f1034021000 rw-p 00000000 00:00 0 
7f1034021000-7f1038000000 ---p 00000000 00:00 0 
7f1038000000-7f1038059000 rw-p 00000000 00:00 0 
7f1038059000-7f103c000000 ---p 00000000 00:00 0 
7f103c000000-7f103c021000 rw-p 00000000 00:00 0 
7f103c021000-7f1040000000 ---p 00000000 00:00 0 
7f1040000000-7f1040021000 rw-p 00000000 00:00 0 
7f1040021000-7f1044000000 ---p 00000000 00:00 0 
7f1044000000-7f10440ab000 rw-p 00000000 00:00 0 
7f10440ab000-7f1048000000 ---p 00000000 00:00 0 
7f1048000000-7f1048832000 rw-p 00000000 00:00 0 
7f1048832000-7f104c000000 ---p 00000000 00:00 0 
7f104c000000-7f104c2c4000 rw-p 00000000 00:00 0 
7f104c2c4000-7f1050000000 ---p 00000000 00:00 0 
7f1050000000-7f1050021000 rw-p 00000000 00:00 0 
7f1050021000-7f1054000000 ---p 00000000 00:00 0 
7f1054000000-7f1054021000 rw-p 00000000 00:00 0 
7f1054021000-7f1058000000 ---p 00000000 00:00 0 
7f1058000000-7f1058021000 rw-p 00000000 00:00 0 
7f1058021000-7f105c000000 ---p 00000000 00:00 0 
7f105c000000-7f105c021000 rw-p 00000000 00:00 0 
7f105c021000-7f1060000000 ---p 00000000 00:00 0 
7f1060000000-7f1060021000 rw-p 00000000 00:00 0 
7f1060021000-7f1064000000 ---p 00000000 00:00 0 
7f1064000000-7f1064021000 rw-p 00000000 00:00 0 
7f1064021000-7f1068000000 ---p 00000000 00:00 0 
7f1068000000-7f1068021000 rw-p 00000000 00:00 0 
7f1068021000-7f106c000000 ---p 00000000 00:00 0 
7f106c000000-7f106c6ef000 rw-p 00000000 00:00 0 
7f106c6ef000-7f1070000000 ---p 00000000 00:00 0 
7f1070087000-7f1070287000 rw-p 00000000 00:00 0 
7f1070287000-7f107028b000 ---p 00000000 00:00 0 
7f107028b000-7f1070388000 rw-p 00000000 00:00 0 
7f1070388000-7f107038c000 ---p 00000000 00:00 0 
7f107038c000-7f1070489000 rw-p 00000000 00:00 0 
7f1070489000-7f107048d000 ---p 00000000 00:00 0 
7f107048d000-7f107058a000 rw-p 00000000 00:00 0 
7f107058a000-7f107058e000 ---p 00000000 00:00 0 
7f107058e000-7f107068b000 rw-p 00000000 00:00 0 
7f107068b000-7f107068f000 ---p 00000000 00:00 0 
7f107068f000-7f107078c000 rw-p 00000000 00:00 0 
7f107078c000-7f1070790000 ---p 00000000 00:00 0 
7f1070790000-7f107088d000 rw-p 00000000 00:00 0 
7f107088d000-7f1070891000 ---p 00000000 00:00 0 
7f1070891000-7f107098e000 rw-p 00000000 00:00 0 
7f107098e000-7f1070992000 ---p 00000000 00:00 0 
7f1070992000-7f1070a8f000 rw-p 00000000 00:00 0 
7f1070a8f000-7f1070a93000 ---p 00000000 00:00 0 
7f1070a93000-7f1070b90000 rw-p 00000000 00:00 0 
7f1070b90000-7f1070b94000 ---p 00000000 00:00 0 
7f1070b94000-7f1070c91000 rw-p 00000000 00:00 0 
7f1070c91000-7f1070c95000 ---p 00000000 00:00 0 
7f1070c95000-7f1070d92000 rw-p 00000000 00:00 0 
7f1070d92000-7f1070d96000 ---p 00000000 00:00 0 
7f1070d96000-7f1070e93000 rw-p 00000000 00:00 0 
7f1070e93000-7f1070e97000 ---p 00000000 00:00 0 
7f1070e97000-7f1070f94000 rw-p 00000000 00:00 0 
7f1070f94000-7f1070f98000 ---p 00000000 00:00 0 
7f1070f98000-7f1071095000 rw-p 00000000 00:00 0 
7f1071095000-7f1071099000 ---p 00000000 00:00 0 
7f1071099000-7f1071396000 rw-p 00000000 00:00 0 
7f1071396000-7f107139a000 ---p 00000000 00:00 0 
7f107139a000-7f1071497000 rw-p 00000000 00:00 0 
7f1071497000-7f107149b000 ---p 00000000 00:00 0 
7f107149b000-7f1071798000 rw-p 00000000 00:00 0 
7f1071798000-7f1071998000 rw-p 00000000 00:00 0 
7f1071998000-7f1071b98000 rw-p 00000000 00:00 0 
7f1071b98000-7f1071d84000 rw-p 00000000 00:00 0 
7f1071d84000-7f1071d98000 ---p 00000000 00:00 0 
7f1071d98000-7f1071f98000 rw-p 00000000 00:00 0 
7f1071f98000-7f1072198000 rw-p 00000000 00:00 0 
7f1072198000-7f1072398000 rw-p 00000000 00:00 0 
7f1072398000-7f1072598000 rw-p 00000000 00:00 0 
7f1072598000-7f107259c000 ---p 00000000 00:00 0 
7f107259c000-7f1072699000 rw-p 00000000 00:00 0 
7f1072699000-7f10726b0000 r-xp 00000000 08:01 56361340                   /lib/x86_64-linux-gnu/libresolv-2.27.so
7f10726b0000-7f10728b0000 ---p 00017000 08:01 56361340                   /lib/x86_64-linux-gnu/libresolv-2.27.so
7f10728b0000-7f10728b1000 r--p 00017000 08:01 56361340                   /lib/x86_64-linux-gnu/libresolv-2.27.so
7f10728b1000-7f10728b2000 rw-p 00018000 08:01 56361340                   /lib/x86_64-linux-gnu/libresolv-2.27.so
7f10728b2000-7f10728b4000 rw-p 00000000 00:00 0 
7f10728b4000-7f10728b9000 r-xp 00000000 08:01 56361333                   /lib/x86_64-linux-gnu/libnss_dns-2.27.so
7f10728b9000-7f1072ab9000 ---p 00005000 08:01 56361333                   /lib/x86_64-linux-gnu/libnss_dns-2.27.so
7f1072ab9000-7f1072aba000 r--p 00005000 08:01 56361333                   /lib/x86_64-linux-gnu/libnss_dns-2.27.so
7f1072aba000-7f1072abb000 rw-p 00006000 08:01 56361333                   /lib/x86_64-linux-gnu/libnss_dns-2.27.so
7f1072abb000-7f1072abc000 ---p 00000000 00:00 0 
7f1072abc000-7f1072bbd000 rw-p 00000000 00:00 0 
7f1072bbd000-7f1072bbe000 ---p 00000000 00:00 0 
7f1072bbe000-7f1072cbf000 rw-p 00000000 00:00 0 
7f1072cbf000-7f1072cc3000 ---p 00000000 00:00 0 
7f1072cc3000-7f1072dc0000 rw-p 00000000 00:00 0 
7f1072dc0000-7f1072dc4000 ---p 00000000 00:00 0 
7f1072dc4000-7f1072ec1000 rw-p 00000000 00:00 0 
7f1072ec1000-7f1072ec5000 ---p 00000000 00:00 0 
7f1072ec5000-7f1072fc2000 rw-p 00000000 00:00 0 
7f1072fc2000-7f1072fc7000 r-xp 00000000 08:01 44176034                   /usr/lib/jvm/java-11-openjdk-amd64/lib/libmanagement_ext.so
7f1072fc7000-7f10731c6000 ---p 00005000 08:01 44176034                   /usr/lib/jvm/java-11-openjdk-amd64/lib/libmanagement_ext.so
7f10731c6000-7f10731c7000 r--p 00004000 08:01 44176034                   /usr/lib/jvm/java-11-openjdk-amd64/lib/libmanagement_ext.so
7f10731c7000-7f10731c8000 rw-p 00005000 08:01 44176034                   /usr/lib/jvm/java-11-openjdk-amd64/lib/libmanagement_ext.so
7f10731c8000-7f10731cc000 r-xp 00000000 08:01 44176032                   /usr/lib/jvm/java-11-openjdk-amd64/lib/libmanagement.so
7f10731cc000-7f10733cb000 ---p 00004000 08:01 44176032                   /usr/lib/jvm/java-11-openjdk-amd64/lib/libmanagement.so
7f10733cb000-7f10733cc000 r--p 00003000 08:01 44176032                   /usr/lib/jvm/java-11-openjdk-amd64/lib/libmanagement.so
7f10733cc000-7f10733cd000 rw-p 00004000 08:01 44176032                   /usr/lib/jvm/java-11-openjdk-amd64/lib/libmanagement.so
7f10733cd000-7f10733ce000 ---p 00000000 00:00 0 
7f10733ce000-7f10734cf000 rw-p 00000000 00:00 0 
7f10734cf000-7f10734d1000 r-xp 00000000 08:01 44176014                   /usr/lib/jvm/java-11-openjdk-amd64/lib/libextnet.so
7f10734d1000-7f10736d0000 ---p 00002000 08:01 44176014                   /usr/lib/jvm/java-11-openjdk-amd64/lib/libextnet.so
7f10736d0000-7f10736d1000 r--p 00001000 08:01 44176014                   /usr/lib/jvm/java-11-openjdk-amd64/lib/libextnet.so
7f10736d1000-7f10736d2000 rw-p 00002000 08:01 44176014                   /usr/lib/jvm/java-11-openjdk-amd64/lib/libextnet.so
7f10736d2000-7f10736d3000 ---p 00000000 00:00 0 
7f10736d3000-7f10737d4000 rw-p 00000000 00:00 0 
7f10737d4000-7f10737d8000 ---p 00000000 00:00 0 
7f10737d8000-7f10738d5000 rw-p 00000000 00:00 0 
7f10738d5000-7f10738d9000 ---p 00000000 00:00 0 
7f10738d9000-7f10739d6000 rw-p 00000000 00:00 0 
7f10739d6000-7f10739ec000 r-xp 00000000 08:01 44176036                   /usr/lib/jvm/java-11-openjdk-amd64/lib/libnet.so
7f10739ec000-7f1073beb000 ---p 00016000 08:01 44176036                   /usr/lib/jvm/java-11-openjdk-amd64/lib/libnet.so
7f1073beb000-7f1073bec000 r--p 00015000 08:01 44176036                   /usr/lib/jvm/java-11-openjdk-amd64/lib/libnet.so
7f1073bec000-7f1073bed000 rw-p 00016000 08:01 44176036                   /usr/lib/jvm/java-11-openjdk-amd64/lib/libnet.so
7f1073bed000-7f1073bfd000 r-xp 00000000 08:01 44176037                   /usr/lib/jvm/java-11-openjdk-amd64/lib/libnio.so
7f1073bfd000-7f1073dfc000 ---p 00010000 08:01 44176037                   /usr/lib/jvm/java-11-openjdk-amd64/lib/libnio.so
7f1073dfc000-7f1073dfd000 r--p 0000f000 08:01 44176037                   /usr/lib/jvm/java-11-openjdk-amd64/lib/libnio.so
7f1073dfd000-7f1073dfe000 rw-p 00010000 08:01 44176037                   /usr/lib/jvm/java-11-openjdk-amd64/lib/libnio.so
7f1073dfe000-7f1073e02000 ---p 00000000 00:00 0 
7f1073e02000-7f1073eff000 rw-p 00000000 00:00 0 
7f1073eff000-7f1073f03000 ---p 00000000 00:00 0 
7f1073f03000-7f1074000000 rw-p 00000000 00:00 0 
7f1074000000-7f1074021000 rw-p 00000000 00:00 0 
7f1074021000-7f1078000000 ---p 00000000 00:00 0 
7f1078000000-7f1078f74000 rw-p 00000000 00:00 0 
7f1078f74000-7f107c000000 ---p 00000000 00:00 0 
7f107c000000-7f107c021000 rw-p 00000000 00:00 0 
7f107c021000-7f1080000000 ---p 00000000 00:00 0 
7f1080000000-7f1080021000 rw-p 00000000 00:00 0 
7f1080021000-7f1084000000 ---p 00000000 00:00 0 
7f1084000000-7f1084021000 rw-p 00000000 00:00 0 
7f1084021000-7f1088000000 ---p 00000000 00:00 0 
7f1088000000-7f10881f3000 rw-p 00000000 00:00 0 
7f10881f3000-7f108c000000 ---p 00000000 00:00 0 
7f108c000000-7f108c021000 rw-p 00000000 00:00 0 
7f108c021000-7f1090000000 ---p 00000000 00:00 0 
7f1090000000-7f1090021000 rw-p 00000000 00:00 0 
7f1090021000-7f1094000000 ---p 00000000 00:00 0 
7f1094000000-7f1094021000 rw-p 00000000 00:00 0 
7f1094021000-7f1098000000 ---p 00000000 00:00 0 
7f1098081000-7f1098085000 ---p 00000000 00:00 0 
7f1098085000-7f1098182000 rw-p 00000000 00:00 0 
7f1098182000-7f1098186000 ---p 00000000 00:00 0 
7f1098186000-7f1098283000 rw-p 00000000 00:00 0 
7f1098283000-7f1098287000 ---p 00000000 00:00 0 
7f1098287000-7f1098384000 rw-p 00000000 00:00 0 
7f1098384000-7f1098662000 r--p 00000000 08:01 43779083                   /usr/lib/locale/locale-archive
7f1098662000-7f1098666000 ---p 00000000 00:00 0 
7f1098666000-7f1098763000 rw-p 00000000 00:00 0 
7f1098763000-7f1098767000 ---p 00000000 00:00 0 
7f1098767000-7f1098864000 rw-p 00000000 00:00 0 
7f1098864000-7f1098865000 ---p 00000000 00:00 0 
7f1098865000-7f10991e7000 rw-p 00000000 00:00 0 
7f10991e7000-7f10991e8000 ---p 00000000 00:00 0 
7f10991e8000-7f10992e9000 rw-p 00000000 00:00 0 
7f10992e9000-7f10992ea000 ---p 00000000 00:00 0 
7f10992ea000-7f109babb000 rw-p 00000000 00:00 0 
7f109babb000-7f109d63f000 ---p 00000000 00:00 0 
7f109d63f000-7f109d913000 rw-p 00000000 00:00 0 
7f109d913000-7f109f497000 ---p 00000000 00:00 0 
7f109f497000-7f109f4f9000 rw-p 00000000 00:00 0 
7f109f4f9000-7f109f869000 ---p 00000000 00:00 0 
7f109f869000-7f109f8c4000 rw-p 00000000 00:00 0 
7f109f8c4000-7f109fc34000 ---p 00000000 00:00 0 
7f109fc34000-7f109fc8f000 rw-p 00000000 00:00 0 
7f109fc8f000-7f109ffff000 ---p 00000000 00:00 0 
7f109ffff000-7f10a0000000 rw-p 00000000 00:00 0 
7f10a0000000-7f10a0021000 rw-p 00000000 00:00 0 
7f10a0021000-7f10a4000000 ---p 00000000 00:00 0 
7f10a4076000-7f10a4077000 ---p 00000000 00:00 0 
7f10a4077000-7f10a4178000 rw-p 00000000 00:00 0 
7f10a4178000-7f10a4179000 ---p 00000000 00:00 0 
7f10a4179000-7f10a467e000 rw-p 00000000 00:00 0 
7f10a467e000-7f10a467f000 ---p 00000000 00:00 0 
7f10a467f000-7f10a4785000 rw-p 00000000 00:00 0 
7f10a4785000-7f10a486b000 ---p 00000000 00:00 0 
7f10a486b000-7f10a4879000 rw-p 00000000 00:00 0 
7f10a4879000-7f10a4956000 ---p 00000000 00:00 0 
7f10a4956000-7f10a4bc6000 rwxp 00000000 00:00 0 
7f10a4bc6000-7f10a4ee6000 ---p 00000000 00:00 0 
7f10a4ee6000-7f10a55a6000 rwxp 00000000 00:00 0 
7f10a55a6000-7f10ac41e000 ---p 00000000 00:00 0 
7f10ac41e000-7f10ac68e000 rwxp 00000000 00:00 0 
7f10ac68e000-7f10b3956000 ---p 00000000 00:00 0 
7f10b3956000-7f10bc000000 r--s 00000000 08:01 44176309                   /usr/lib/jvm/java-11-openjdk-amd64/lib/modules
7f10bc000000-7f10bc70e000 rw-p 00000000 00:00 0 
7f10bc70e000-7f10c0000000 ---p 00000000 00:00 0 
7f10c002a000-7f10c002f000 r-xp 00000000 08:01 44176028                   /usr/lib/jvm/java-11-openjdk-amd64/lib/libjimage.so
7f10c002f000-7f10c022e000 ---p 00005000 08:01 44176028                   /usr/lib/jvm/java-11-openjdk-amd64/lib/libjimage.so
7f10c022e000-7f10c022f000 r--p 00004000 08:01 44176028                   /usr/lib/jvm/java-11-openjdk-amd64/lib/libjimage.so
7f10c022f000-7f10c0230000 rw-p 00005000 08:01 44176028                   /usr/lib/jvm/java-11-openjdk-amd64/lib/libjimage.so
7f10c0230000-7f10c0237000 r-xp 00000000 08:01 44176308                   /usr/lib/jvm/java-11-openjdk-amd64/lib/libzip.so
7f10c0237000-7f10c0436000 ---p 00007000 08:01 44176308                   /usr/lib/jvm/java-11-openjdk-amd64/lib/libzip.so
7f10c0436000-7f10c0437000 r--p 00006000 08:01 44176308                   /usr/lib/jvm/java-11-openjdk-amd64/lib/libzip.so
7f10c0437000-7f10c0438000 rw-p 00007000 08:01 44176308                   /usr/lib/jvm/java-11-openjdk-amd64/lib/libzip.so
7f10c0438000-7f10c0443000 r-xp 00000000 08:01 56361334                   /lib/x86_64-linux-gnu/libnss_files-2.27.so
7f10c0443000-7f10c0642000 ---p 0000b000 08:01 56361334                   /lib/x86_64-linux-gnu/libnss_files-2.27.so
7f10c0642000-7f10c0643000 r--p 0000a000 08:01 56361334                   /lib/x86_64-linux-gnu/libnss_files-2.27.so
7f10c0643000-7f10c0644000 rw-p 0000b000 08:01 56361334                   /lib/x86_64-linux-gnu/libnss_files-2.27.so
7f10c0644000-7f10c064a000 rw-p 00000000 00:00 0 
7f10c064a000-7f10c0661000 r-xp 00000000 08:01 56361331                   /lib/x86_64-linux-gnu/libnsl-2.27.so
7f10c0661000-7f10c0860000 ---p 00017000 08:01 56361331                   /lib/x86_64-linux-gnu/libnsl-2.27.so
7f10c0860000-7f10c0861000 r--p 00016000 08:01 56361331                   /lib/x86_64-linux-gnu/libnsl-2.27.so
7f10c0861000-7f10c0862000 rw-p 00017000 08:01 56361331                   /lib/x86_64-linux-gnu/libnsl-2.27.so
7f10c0862000-7f10c0864000 rw-p 00000000 00:00 0 
7f10c0864000-7f10c086f000 r-xp 00000000 08:01 56361336                   /lib/x86_64-linux-gnu/libnss_nis-2.27.so
7f10c086f000-7f10c0a6e000 ---p 0000b000 08:01 56361336                   /lib/x86_64-linux-gnu/libnss_nis-2.27.so
7f10c0a6e000-7f10c0a6f000 r--p 0000a000 08:01 56361336                   /lib/x86_64-linux-gnu/libnss_nis-2.27.so
7f10c0a6f000-7f10c0a70000 rw-p 0000b000 08:01 56361336                   /lib/x86_64-linux-gnu/libnss_nis-2.27.so
7f10c0a70000-7f10c0a78000 r-xp 00000000 08:01 56361332                   /lib/x86_64-linux-gnu/libnss_compat-2.27.so
7f10c0a78000-7f10c0c78000 ---p 00008000 08:01 56361332                   /lib/x86_64-linux-gnu/libnss_compat-2.27.so
7f10c0c78000-7f10c0c79000 r--p 00008000 08:01 56361332                   /lib/x86_64-linux-gnu/libnss_compat-2.27.so
7f10c0c79000-7f10c0c7a000 rw-p 00009000 08:01 56361332                   /lib/x86_64-linux-gnu/libnss_compat-2.27.so
7f10c0c7a000-7f10c0c84000 r-xp 00000000 08:01 44176016                   /usr/lib/jvm/java-11-openjdk-amd64/lib/libinstrument.so
7f10c0c84000-7f10c0e83000 ---p 0000a000 08:01 44176016                   /usr/lib/jvm/java-11-openjdk-amd64/lib/libinstrument.so
7f10c0e83000-7f10c0e84000 r--p 00009000 08:01 44176016                   /usr/lib/jvm/java-11-openjdk-amd64/lib/libinstrument.so
7f10c0e84000-7f10c0e85000 rw-p 0000a000 08:01 44176016                   /usr/lib/jvm/java-11-openjdk-amd64/lib/libinstrument.so
7f10c0e85000-7f10c0eae000 r-xp 00000000 08:01 44176024                   /usr/lib/jvm/java-11-openjdk-amd64/lib/libjava.so
7f10c0eae000-7f10c10ad000 ---p 00029000 08:01 44176024                   /usr/lib/jvm/java-11-openjdk-amd64/lib/libjava.so
7f10c10ad000-7f10c10ae000 r--p 00028000 08:01 44176024                   /usr/lib/jvm/java-11-openjdk-amd64/lib/libjava.so
7f10c10ae000-7f10c10b0000 rw-p 00029000 08:01 44176024                   /usr/lib/jvm/java-11-openjdk-amd64/lib/libjava.so
7f10c10b0000-7f10c10bd000 r-xp 00000000 08:01 44176307                   /usr/lib/jvm/java-11-openjdk-amd64/lib/libverify.so
7f10c10bd000-7f10c12bc000 ---p 0000d000 08:01 44176307                   /usr/lib/jvm/java-11-openjdk-amd64/lib/libverify.so
7f10c12bc000-7f10c12be000 r--p 0000c000 08:01 44176307                   /usr/lib/jvm/java-11-openjdk-amd64/lib/libverify.so
7f10c12be000-7f10c12bf000 rw-p 0000e000 08:01 44176307                   /usr/lib/jvm/java-11-openjdk-amd64/lib/libverify.so
7f10c12bf000-7f10c12c6000 r-xp 00000000 08:01 56361341                   /lib/x86_64-linux-gnu/librt-2.27.so
7f10c12c6000-7f10c14c5000 ---p 00007000 08:01 56361341                   /lib/x86_64-linux-gnu/librt-2.27.so
7f10c14c5000-7f10c14c6000 r--p 00006000 08:01 56361341                   /lib/x86_64-linux-gnu/librt-2.27.so
7f10c14c6000-7f10c14c7000 rw-p 00007000 08:01 56361341                   /lib/x86_64-linux-gnu/librt-2.27.so
7f10c14c7000-7f10c14de000 r-xp 00000000 08:01 56365327                   /lib/x86_64-linux-gnu/libgcc_s.so.1
7f10c14de000-7f10c16dd000 ---p 00017000 08:01 56365327                   /lib/x86_64-linux-gnu/libgcc_s.so.1
7f10c16dd000-7f10c16de000 r--p 00016000 08:01 56365327                   /lib/x86_64-linux-gnu/libgcc_s.so.1
7f10c16de000-7f10c16df000 rw-p 00017000 08:01 56365327                   /lib/x86_64-linux-gnu/libgcc_s.so.1
7f10c16df000-7f10c187c000 r-xp 00000000 08:01 56361328                   /lib/x86_64-linux-gnu/libm-2.27.so
7f10c187c000-7f10c1a7b000 ---p 0019d000 08:01 56361328                   /lib/x86_64-linux-gnu/libm-2.27.so
7f10c1a7b000-7f10c1a7c000 r--p 0019c000 08:01 56361328                   /lib/x86_64-linux-gnu/libm-2.27.so
7f10c1a7c000-7f10c1a7d000 rw-p 0019d000 08:01 56361328                   /lib/x86_64-linux-gnu/libm-2.27.so
7f10c1a7d000-7f10c1bf6000 r-xp 00000000 08:01 43778714                   /usr/lib/x86_64-linux-gnu/libstdc++.so.6.0.25
7f10c1bf6000-7f10c1df6000 ---p 00179000 08:01 43778714                   /usr/lib/x86_64-linux-gnu/libstdc++.so.6.0.25
7f10c1df6000-7f10c1e00000 r--p 00179000 08:01 43778714                   /usr/lib/x86_64-linux-gnu/libstdc++.so.6.0.25
7f10c1e00000-7f10c1e02000 rw-p 00183000 08:01 43778714                   /usr/lib/x86_64-linux-gnu/libstdc++.so.6.0.25
7f10c1e02000-7f10c1e06000 rw-p 00000000 00:00 0 
7f10c1e06000-7f10c2ed2000 r-xp 00000000 08:01 44176313                   /usr/lib/jvm/java-11-openjdk-amd64/lib/server/libjvm.so
7f10c2ed2000-7f10c30d1000 ---p 010cc000 08:01 44176313                   /usr/lib/jvm/java-11-openjdk-amd64/lib/server/libjvm.so
7f10c30d1000-7f10c318e000 r--p 010cb000 08:01 44176313                   /usr/lib/jvm/java-11-openjdk-amd64/lib/server/libjvm.so
7f10c318e000-7f10c31c7000 rw-p 01188000 08:01 44176313                   /usr/lib/jvm/java-11-openjdk-amd64/lib/server/libjvm.so
7f10c31c7000-7f10c321d000 rw-p 00000000 00:00 0 
7f10c321d000-7f10c3237000 r-xp 00000000 08:01 56361339                   /lib/x86_64-linux-gnu/libpthread-2.27.so
7f10c3237000-7f10c3436000 ---p 0001a000 08:01 56361339                   /lib/x86_64-linux-gnu/libpthread-2.27.so
7f10c3436000-7f10c3437000 r--p 00019000 08:01 56361339                   /lib/x86_64-linux-gnu/libpthread-2.27.so
7f10c3437000-7f10c3438000 rw-p 0001a000 08:01 56361339                   /lib/x86_64-linux-gnu/libpthread-2.27.so
7f10c3438000-7f10c343c000 rw-p 00000000 00:00 0 
7f10c343c000-7f10c343f000 r-xp 00000000 08:01 56361327                   /lib/x86_64-linux-gnu/libdl-2.27.so
7f10c343f000-7f10c363e000 ---p 00003000 08:01 56361327                   /lib/x86_64-linux-gnu/libdl-2.27.so
7f10c363e000-7f10c363f000 r--p 00002000 08:01 56361327                   /lib/x86_64-linux-gnu/libdl-2.27.so
7f10c363f000-7f10c3640000 rw-p 00003000 08:01 56361327                   /lib/x86_64-linux-gnu/libdl-2.27.so
7f10c3640000-7f10c365c000 r-xp 00000000 08:01 56362483                   /lib/x86_64-linux-gnu/libz.so.1.2.11
7f10c365c000-7f10c385b000 ---p 0001c000 08:01 56362483                   /lib/x86_64-linux-gnu/libz.so.1.2.11
7f10c385b000-7f10c385c000 r--p 0001b000 08:01 56362483                   /lib/x86_64-linux-gnu/libz.so.1.2.11
7f10c385c000-7f10c385d000 rw-p 0001c000 08:01 56362483                   /lib/x86_64-linux-gnu/libz.so.1.2.11
7f10c385d000-7f10c3a44000 r-xp 00000000 08:01 56361324                   /lib/x86_64-linux-gnu/libc-2.27.so
7f10c3a44000-7f10c3c44000 ---p 001e7000 08:01 56361324                   /lib/x86_64-linux-gnu/libc-2.27.so
7f10c3c44000-7f10c3c48000 r--p 001e7000 08:01 56361324                   /lib/x86_64-linux-gnu/libc-2.27.so
7f10c3c48000-7f10c3c4a000 rw-p 001eb000 08:01 56361324                   /lib/x86_64-linux-gnu/libc-2.27.so
7f10c3c4a000-7f10c3c4e000 rw-p 00000000 00:00 0 
7f10c3c4e000-7f10c3c5e000 r-xp 00000000 08:01 44175586                   /usr/lib/jvm/java-11-openjdk-amd64/lib/jli/libjli.so
7f10c3c5e000-7f10c3e5d000 ---p 00010000 08:01 44175586                   /usr/lib/jvm/java-11-openjdk-amd64/lib/jli/libjli.so
7f10c3e5d000-7f10c3e5e000 r--p 0000f000 08:01 44175586                   /usr/lib/jvm/java-11-openjdk-amd64/lib/jli/libjli.so
7f10c3e5e000-7f10c3e5f000 rw-p 00010000 08:01 44175586                   /usr/lib/jvm/java-11-openjdk-amd64/lib/jli/libjli.so
7f10c3e5f000-7f10c3e86000 r-xp 00000000 08:01 56361320                   /lib/x86_64-linux-gnu/ld-2.27.so
7f10c3ea6000-7f10c3eaa000 ---p 00000000 00:00 0 
7f10c3eaa000-7f10c3f64000 rw-p 00000000 00:00 0 
7f10c3f64000-7f10c3f68000 ---p 00000000 00:00 0 
7f10c3f68000-7f10c4067000 rw-p 00000000 00:00 0 
7f10c406c000-7f10c4071000 rw-p 00000000 00:00 0 
7f10c4071000-7f10c4078000 ---p 00000000 00:00 0 
7f10c4078000-7f10c407a000 r--s 00007000 08:01 44303540                   /usr/share/java/java-atk-wrapper.jar
7f10c407a000-7f10c4082000 rw-s 00000000 08:01 38535680                   /tmp/hsperfdata_rakhi/5973
7f10c4082000-7f10c4083000 ---p 00000000 00:00 0 
7f10c4083000-7f10c4084000 r--p 00000000 00:00 0 
7f10c4084000-7f10c4086000 rw-p 00000000 00:00 0 
7f10c4086000-7f10c4087000 r--p 00027000 08:01 56361320                   /lib/x86_64-linux-gnu/ld-2.27.so
7f10c4087000-7f10c4088000 rw-p 00028000 08:01 56361320                   /lib/x86_64-linux-gnu/ld-2.27.so
7f10c4088000-7f10c4089000 rw-p 00000000 00:00 0 
7ffe6dc9d000-7ffe6dcc0000 rw-p 00000000 00:00 0                          [stack]
7ffe6dcf1000-7ffe6dcf4000 r--p 00000000 00:00 0                          [vvar]
7ffe6dcf4000-7ffe6dcf6000 r-xp 00000000 00:00 0                          [vdso]
ffffffffff600000-ffffffffff601000 r-xp 00000000 00:00 0                  [vsyscall]


VM Arguments:
jvm_args: -javaagent:/snap/intellij-idea-community/185/lib/idea_rt.jar=41149:/snap/intellij-idea-community/185/bin -Dfile.encoding=UTF-8 
java_command: com.innovect.dataextraction.DataExtractionApplication
java_class_path (initial): /home/rakhi/Spring-boot-projects/data-extraction/target/classes:/home/rakhi/.m2/repository/org/springframework/boot/spring-boot-starter-web/2.2.1.RELEASE/spring-boot-starter-web-2.2.1.RELEASE.jar:/home/rakhi/.m2/repository/org/springframework/boot/spring-boot-starter/2.2.1.RELEASE/spring-boot-starter-2.2.1.RELEASE.jar:/home/rakhi/.m2/repository/org/springframework/boot/spring-boot-starter-logging/2.2.1.RELEASE/spring-boot-starter-logging-2.2.1.RELEASE.jar:/home/rakhi/.m2/repository/org/apache/logging/log4j/log4j-to-slf4j/2.12.1/log4j-to-slf4j-2.12.1.jar:/home/rakhi/.m2/repository/org/apache/logging/log4j/log4j-api/2.12.1/log4j-api-2.12.1.jar:/home/rakhi/.m2/repository/jakarta/annotation/jakarta.annotation-api/1.3.5/jakarta.annotation-api-1.3.5.jar:/home/rakhi/.m2/repository/org/yaml/snakeyaml/1.25/snakeyaml-1.25.jar:/home/rakhi/.m2/repository/org/springframework/boot/spring-boot-starter-json/2.2.1.RELEASE/spring-boot-starter-json-2.2.1.RELEASE.jar:/home/rakhi/.m2/repository/com/fasterxml/jackson/core/jackson-databind/2.10.0/jackson-databind-2.10.0.jar:/home/rakhi/.m2/repository/com/fasterxml/jackson/core/jackson-annotations/2.10.0/jackson-annotations-2.10.0.jar:/home/rakhi/.m2/repository/com/fasterxml/jackson/core/jackson-core/2.10.0/jackson-core-2.10.0.jar:/home/rakhi/.m2/repository/com/fasterxml/jackson/datatype/jackson-datatype-jdk8/2.10.0/jackson-datatype-jdk8-2.10.0.jar:/home/rakhi/.m2/repository/com/fasterxml/jackson/datatype/jackson-datatype-jsr310/2.10.0/jackson-datatype-jsr310-2.10.0.jar:/home/rakhi/.m2/repository/com/fasterxml/jackson/module/jackson-module-parameter-names/2.10.0/jackson-module-parameter-names-2.10.0.jar:/home/rakhi/.m2/repository/org/springframework/boot/spring-boot-starter-tomcat/2.2.1.RELEASE/spring-boot-starter-tomcat-2.2.1.RELEASE.jar:/home/rakhi/.m2/repository/org/apache/tomcat/embed/tomcat-embed-core/9.0.27/tomcat-embed-core-9.0.27.jar:/home/rakhi/.m2/repository/org/apache/tomcat/embed/tomcat-embed-el/9.0
Launcher Type: SUN_STANDARD

[Global flags]
     intx CICompilerCount                          = 3                                         {product} {ergonomic}
     uint ConcGCThreads                            = 1                                         {product} {ergonomic}
     uint G1ConcRefinementThreads                  = 4                                         {product} {ergonomic}
   size_t G1HeapRegionSize                         = 1048576                                   {product} {ergonomic}
    uintx GCDrainStackTargetSize                   = 64                                        {product} {ergonomic}
   size_t InitialHeapSize                          = 127926272                                 {product} {ergonomic}
   size_t MarkStackSize                            = 4194304                                   {product} {ergonomic}
   size_t MaxHeapSize                              = 2036334592                                {product} {ergonomic}
   size_t MaxNewSize                               = 1221591040                                {product} {ergonomic}
   size_t MinHeapDeltaBytes                        = 1048576                                   {product} {ergonomic}
    uintx NonNMethodCodeHeapSize                   = 5830092                                {pd product} {ergonomic}
    uintx NonProfiledCodeHeapSize                  = 122914074                              {pd product} {ergonomic}
    uintx ProfiledCodeHeapSize                     = 122914074                              {pd product} {ergonomic}
    uintx ReservedCodeCacheSize                    = 251658240                              {pd product} {ergonomic}
     bool SegmentedCodeCache                       = true                                      {product} {ergonomic}
     bool UseCompressedClassPointers               = true                                 {lp64_product} {ergonomic}
     bool UseCompressedOops                        = true                                 {lp64_product} {ergonomic}
     bool UseG1GC                                  = true                                      {product} {ergonomic}

Logging:
Log output configuration:
 #0: stdout all=warning uptime,level,tags
 #1: stderr all=off uptime,level,tags

Environment Variables:
PATH=/usr/local/sbin:/usr/local/bin:/usr/sbin:/usr/bin:/sbin:/bin:/usr/games:/usr/local/games:/snap/bin
USERNAME=rakhi
SHELL=/bin/bash
DISPLAY=:0

Signal Handlers:
SIGSEGV: [libjvm.so+0xde5f50], sa_mask[0]=11111111011111111101111111111110, sa_flags=SA_RESTART|SA_SIGINFO
SIGBUS: [libjvm.so+0xde5f50], sa_mask[0]=11111111011111111101111111111110, sa_flags=SA_RESTART|SA_SIGINFO
SIGFPE: [libjvm.so+0xde5f50], sa_mask[0]=11111111011111111101111111111110, sa_flags=SA_RESTART|SA_SIGINFO
SIGPIPE: [libjvm.so+0xbba5b0], sa_mask[0]=11111111011111111101111111111110, sa_flags=SA_RESTART|SA_SIGINFO
SIGXFSZ: [libjvm.so+0xbba5b0], sa_mask[0]=11111111011111111101111111111110, sa_flags=SA_RESTART|SA_SIGINFO
SIGILL: [libjvm.so+0xde5f50], sa_mask[0]=11111111011111111101111111111110, sa_flags=SA_RESTART|SA_SIGINFO
SIGUSR2: [libjvm.so+0xbba450], sa_mask[0]=00100000000000000000000000000000, sa_flags=SA_RESTART|SA_SIGINFO
SIGHUP: SIG_IGN, sa_mask[0]=00000000000000000000000000000000, sa_flags=none
SIGINT: [libjvm.so+0xbba7b0], sa_mask[0]=11111111011111111101111111111110, sa_flags=SA_RESTART|SA_SIGINFO
SIGTERM: [libjvm.so+0xbba7b0], sa_mask[0]=11111111011111111101111111111110, sa_flags=SA_RESTART|SA_SIGINFO
SIGQUIT: [libjvm.so+0xbba7b0], sa_mask[0]=11111111011111111101111111111110, sa_flags=SA_RESTART|SA_SIGINFO


---------------  S Y S T E M  ---------------

OS:DISTRIB_ID=Ubuntu
DISTRIB_RELEASE=18.04
DISTRIB_CODENAME=bionic
DISTRIB_DESCRIPTION="Ubuntu 18.04.3 LTS"
uname:Linux 4.15.0-70-generic #79-Ubuntu SMP Tue Nov 12 10:36:11 UTC 2019 x86_64
libc:glibc 2.27 NPTL 2.27 
rlimit: STACK 8192k, CORE 0k, NPROC 30867, NOFILE 1048576, AS infinity, DATA infinity, FSIZE infinity
load average:2.77 7.14 5.25

/proc/meminfo:
MemTotal:        7946972 kB
MemFree:          146780 kB
MemAvailable:    1025756 kB
Buffers:           58172 kB
Cached:          2191284 kB
SwapCached:       100560 kB
Active:          5937104 kB
Inactive:        1396748 kB
Active(anon):    5427440 kB
Inactive(anon):   861332 kB
Active(file):     509664 kB
Inactive(file):   535416 kB
Unevictable:          80 kB
Mlocked:              80 kB
SwapTotal:       8163324 kB
SwapFree:        6321208 kB
Dirty:              8796 kB
Writeback:             0 kB
AnonPages:       5072120 kB
Mapped:          1159968 kB
Shmem:           1204384 kB
Slab:             213256 kB
SReclaimable:     118948 kB
SUnreclaim:        94308 kB
KernelStack:       26960 kB
PageTables:       105564 kB
NFS_Unstable:          0 kB
Bounce:                0 kB
WritebackTmp:          0 kB
CommitLimit:    12136808 kB
Committed_AS:   19695012 kB
VmallocTotal:   34359738367 kB
VmallocUsed:           0 kB
VmallocChunk:          0 kB
HardwareCorrupted:     0 kB
AnonHugePages:         0 kB
ShmemHugePages:        0 kB
ShmemPmdMapped:        0 kB
CmaTotal:              0 kB
CmaFree:               0 kB
HugePages_Total:       0
HugePages_Free:        0
HugePages_Rsvd:        0
HugePages_Surp:        0
Hugepagesize:       2048 kB
DirectMap4k:      495220 kB
DirectMap2M:     7669760 kB
DirectMap1G:     1048576 kB


/proc/sys/kernel/threads-max (system-wide limit on the number of threads):
61735


/proc/sys/vm/max_map_count (maximum number of memory map areas a process may have):
65530


/proc/sys/kernel/pid_max (system-wide limit on number of process identifiers):
32768



container (cgroup) information:
container_type: cgroupv1
cpu_cpuset_cpus: 0-3
cpu_memory_nodes: 0
active_processor_count: 4
cpu_quota: -1
cpu_period: 100000
cpu_shares: -1
memory_limit_in_bytes: -1
memory_and_swap_limit_in_bytes: -2
memory_soft_limit_in_bytes: -1
memory_usage_in_bytes: 7502544896
memory_max_usage_in_bytes: 24297472

Steal ticks since vm start: 0
Steal ticks percentage since vm start:  0.000

CPU:total 4 (initial active 4) (2 cores per cpu, 2 threads per core) family 6 model 142 stepping 9, cmov, cx8, fxsr, mmx, sse, sse2, sse3, ssse3, sse4.1, sse4.2, popcnt, avx, avx2, aes, clmul, erms, 3dnowpref, lzcnt, ht, tsc, tscinvbit, bmi1, bmi2, adx, fma
CPU Model and flags from /proc/cpuinfo:
model name	: Intel(R) Core(TM) i5-7200U CPU @ 2.50GHz
flags		: fpu vme de pse tsc msr pae mce cx8 apic sep mtrr pge mca cmov pat pse36 clflush dts acpi mmx fxsr sse sse2 ss ht tm pbe syscall nx pdpe1gb rdtscp lm constant_tsc art arch_perfmon pebs bts rep_good nopl xtopology nonstop_tsc cpuid aperfmperf tsc_known_freq pni pclmulqdq dtes64 monitor ds_cpl vmx est tm2 ssse3 sdbg fma cx16 xtpr pdcm pcid sse4_1 sse4_2 x2apic movbe popcnt tsc_deadline_timer aes xsave avx f16c rdrand lahf_lm abm 3dnowprefetch cpuid_fault invpcid_single pti ssbd ibrs ibpb stibp tpr_shadow vnmi flexpriority ept vpid fsgsbase tsc_adjust bmi1 avx2 smep bmi2 erms invpcid mpx rdseed adx smap clflushopt intel_pt xsaveopt xsavec xgetbv1 xsaves dtherm ida arat pln pts hwp hwp_notify hwp_act_window hwp_epp md_clear flush_l1d

Memory: 4k page, physical 7946972k(146780k free), swap 8163324k(6321208k free)

vm_info: OpenJDK 64-Bit Server VM (11.0.4+11-post-Ubuntu-1ubuntu218.04.3) for linux-amd64 JRE (11.0.4+11-post-Ubuntu-1ubuntu218.04.3), built on Jul 18 2019 18:21:46 by "buildd" with gcc 7.4.0

END.
